{"$message_type":"diagnostic","message":"unresolved import `entidb_core::DatabaseConfig`","code":{"code":"E0432","explanation":"An import was unresolved.\n\nErroneous code example:\n\n```compile_fail,E0432\nuse something::Foo; // error: unresolved import `something::Foo`.\n```\n\nIn Rust 2015, paths in `use` statements are relative to the crate root. To\nimport items relative to the current and parent modules, use the `self::` and\n`super::` prefixes, respectively.\n\nIn Rust 2018 or later, paths in `use` statements are relative to the current\nmodule unless they begin with the name of a crate or a literal `crate::`, in\nwhich case they start from the crate root. As in Rust 2015 code, the `self::`\nand `super::` prefixes refer to the current and parent modules respectively.\n\nAlso verify that you didn't misspell the import name and that the import exists\nin the module from where you tried to import it. Example:\n\n```\nuse self::something::Foo; // Ok.\n\nmod something {\n    pub struct Foo;\n}\n# fn main() {}\n```\n\nIf you tried to use a module from an external crate and are using Rust 2015,\nyou may have missed the `extern crate` declaration (which is usually placed in\nthe crate root):\n\n```edition2015\nextern crate core; // Required to use the `core` crate in Rust 2015.\n\nuse core::any;\n# fn main() {}\n```\n\nSince Rust 2018 the `extern crate` declaration is not required and\nyou can instead just `use` it:\n\n```edition2018\nuse core::any; // No extern crate required in Rust 2018.\n# fn main() {}\n```\n"},"level":"error","spans":[{"file_name":"src\\database.rs","byte_start":263,"byte_end":277,"line_start":8,"line_end":8,"column_start":45,"column_end":59,"is_primary":true,"text":[{"text":"use entidb_core::{Database as CoreDatabase, DatabaseConfig, EntityId as CoreEntityId};","highlight_start":45,"highlight_end":59}],"label":"no `DatabaseConfig` in the root","suggested_replacement":null,"suggestion_applicability":null,"expansion":null}],"children":[],"rendered":"\u001b[1m\u001b[91merror[E0432]\u001b[0m\u001b[1m\u001b[97m: unresolved import `entidb_core::DatabaseConfig`\u001b[0m\n \u001b[1m\u001b[96m--> \u001b[0msrc\\database.rs:8:45\n  \u001b[1m\u001b[96m|\u001b[0m\n\u001b[1m\u001b[96m8\u001b[0m \u001b[1m\u001b[96m|\u001b[0m \u001b[1m\u001b[96m...\u001b[0meDatabase, DatabaseConfig, EntityId as Co\u001b[1m\u001b[96m...\u001b[0m\n  \u001b[1m\u001b[96m|\u001b[0m               \u001b[1m\u001b[91m^^^^^^^^^^^^^^\u001b[0m \u001b[1m\u001b[91mno `DatabaseConfig` in the root\u001b[0m\n\n"}
{"$message_type":"diagnostic","message":"cannot find type `IdbVersionChangeEvent` in crate `web_sys`","code":{"code":"E0412","explanation":"A used type name is not in scope.\n\nErroneous code examples:\n\n```compile_fail,E0412\nimpl Something {} // error: type name `Something` is not in scope\n\n// or:\n\ntrait Foo {\n    fn bar(N); // error: type name `N` is not in scope\n}\n\n// or:\n\nfn foo(x: T) {} // type name `T` is not in scope\n```\n\nTo fix this error, please verify you didn't misspell the type name, you did\ndeclare it or imported it into the scope. Examples:\n\n```\nstruct Something;\n\nimpl Something {} // ok!\n\n// or:\n\ntrait Foo {\n    type N;\n\n    fn bar(_: Self::N); // ok!\n}\n\n// or:\n\nfn foo<T>(x: T) {} // ok!\n```\n\nAnother case that causes this error is when a type is imported into a parent\nmodule. To fix this, you can follow the suggestion and use File directly or\n`use super::File;` which will import the types from the parent namespace. An\nexample that causes this error is below:\n\n```compile_fail,E0412\nuse std::fs::File;\n\nmod foo {\n    fn some_function(f: File) {}\n}\n```\n\n```\nuse std::fs::File;\n\nmod foo {\n    // either\n    use super::File;\n    // or\n    // use std::fs::File;\n    fn foo(f: File) {}\n}\n# fn main() {} // don't insert it for us; that'll break imports\n```\n"},"level":"error","spans":[{"file_name":"src\\backend\\indexeddb.rs","byte_start":2555,"byte_end":2576,"line_start":73,"line_end":73,"column_start":76,"column_end":97,"is_primary":true,"text":[{"text":"        let onupgradeneeded = Closure::wrap(Box::new(move |event: web_sys::IdbVersionChangeEvent| {","highlight_start":76,"highlight_end":97}],"label":"not found in `web_sys`","suggested_replacement":null,"suggestion_applicability":null,"expansion":null}],"children":[],"rendered":"\u001b[1m\u001b[91merror[E0412]\u001b[0m\u001b[1m\u001b[97m: cannot find type `IdbVersionChangeEvent` in crate `web_sys`\u001b[0m\n  \u001b[1m\u001b[96m--> \u001b[0msrc\\backend\\indexeddb.rs:73:76\n   \u001b[1m\u001b[96m|\u001b[0m\n\u001b[1m\u001b[96m73\u001b[0m \u001b[1m\u001b[96m|\u001b[0m \u001b[1m\u001b[96m...\u001b[0mb_sys::IdbVersionChangeEvent| {\n   \u001b[1m\u001b[96m|\u001b[0m           \u001b[1m\u001b[91m^^^^^^^^^^^^^^^^^^^^^\u001b[0m \u001b[1m\u001b[91mnot found in `web_sys`\u001b[0m\n\n"}
{"$message_type":"diagnostic","message":"cannot find type `Event` in crate `web_sys`","code":{"code":"E0412","explanation":"A used type name is not in scope.\n\nErroneous code examples:\n\n```compile_fail,E0412\nimpl Something {} // error: type name `Something` is not in scope\n\n// or:\n\ntrait Foo {\n    fn bar(N); // error: type name `N` is not in scope\n}\n\n// or:\n\nfn foo(x: T) {} // type name `T` is not in scope\n```\n\nTo fix this error, please verify you didn't misspell the type name, you did\ndeclare it or imported it into the scope. Examples:\n\n```\nstruct Something;\n\nimpl Something {} // ok!\n\n// or:\n\ntrait Foo {\n    type N;\n\n    fn bar(_: Self::N); // ok!\n}\n\n// or:\n\nfn foo<T>(x: T) {} // ok!\n```\n\nAnother case that causes this error is when a type is imported into a parent\nmodule. To fix this, you can follow the suggestion and use File directly or\n`use super::File;` which will import the types from the parent namespace. An\nexample that causes this error is below:\n\n```compile_fail,E0412\nuse std::fs::File;\n\nmod foo {\n    fn some_function(f: File) {}\n}\n```\n\n```\nuse std::fs::File;\n\nmod foo {\n    // either\n    use super::File;\n    // or\n    // use std::fs::File;\n    fn foo(f: File) {}\n}\n# fn main() {} // don't insert it for us; that'll break imports\n```\n"},"level":"error","spans":[{"file_name":"src\\backend\\indexeddb.rs","byte_start":5069,"byte_end":5074,"line_start":133,"line_end":133,"column_start":70,"column_end":75,"is_primary":true,"text":[{"text":"        let onsuccess = Closure::wrap(Box::new(move |event: web_sys::Event| {","highlight_start":70,"highlight_end":75}],"label":"not found in `web_sys`","suggested_replacement":null,"suggestion_applicability":null,"expansion":null}],"children":[],"rendered":"\u001b[1m\u001b[91merror[E0412]\u001b[0m\u001b[1m\u001b[97m: cannot find type `Event` in crate `web_sys`\u001b[0m\n   \u001b[1m\u001b[96m--> \u001b[0msrc\\backend\\indexeddb.rs:133:70\n    \u001b[1m\u001b[96m|\u001b[0m\n\u001b[1m\u001b[96m133\u001b[0m \u001b[1m\u001b[96m|\u001b[0m \u001b[1m\u001b[96m...\u001b[0msys::Event| {\n    \u001b[1m\u001b[96m|\u001b[0m         \u001b[1m\u001b[91m^^^^^\u001b[0m \u001b[1m\u001b[91mnot found in `web_sys`\u001b[0m\n\n"}
{"$message_type":"diagnostic","message":"cannot find type `Event` in crate `web_sys`","code":{"code":"E0412","explanation":"A used type name is not in scope.\n\nErroneous code examples:\n\n```compile_fail,E0412\nimpl Something {} // error: type name `Something` is not in scope\n\n// or:\n\ntrait Foo {\n    fn bar(N); // error: type name `N` is not in scope\n}\n\n// or:\n\nfn foo(x: T) {} // type name `T` is not in scope\n```\n\nTo fix this error, please verify you didn't misspell the type name, you did\ndeclare it or imported it into the scope. Examples:\n\n```\nstruct Something;\n\nimpl Something {} // ok!\n\n// or:\n\ntrait Foo {\n    type N;\n\n    fn bar(_: Self::N); // ok!\n}\n\n// or:\n\nfn foo<T>(x: T) {} // ok!\n```\n\nAnother case that causes this error is when a type is imported into a parent\nmodule. To fix this, you can follow the suggestion and use File directly or\n`use super::File;` which will import the types from the parent namespace. An\nexample that causes this error is below:\n\n```compile_fail,E0412\nuse std::fs::File;\n\nmod foo {\n    fn some_function(f: File) {}\n}\n```\n\n```\nuse std::fs::File;\n\nmod foo {\n    // either\n    use super::File;\n    // or\n    // use std::fs::File;\n    fn foo(f: File) {}\n}\n# fn main() {} // don't insert it for us; that'll break imports\n```\n"},"level":"error","spans":[{"file_name":"src\\backend\\indexeddb.rs","byte_start":5501,"byte_end":5506,"line_start":142,"line_end":142,"column_start":68,"column_end":73,"is_primary":true,"text":[{"text":"        let onerror = Closure::wrap(Box::new(move |event: web_sys::Event| {","highlight_start":68,"highlight_end":73}],"label":"not found in `web_sys`","suggested_replacement":null,"suggestion_applicability":null,"expansion":null}],"children":[],"rendered":"\u001b[1m\u001b[91merror[E0412]\u001b[0m\u001b[1m\u001b[97m: cannot find type `Event` in crate `web_sys`\u001b[0m\n   \u001b[1m\u001b[96m--> \u001b[0msrc\\backend\\indexeddb.rs:142:68\n    \u001b[1m\u001b[96m|\u001b[0m\n\u001b[1m\u001b[96m142\u001b[0m \u001b[1m\u001b[96m|\u001b[0m \u001b[1m\u001b[96m...\u001b[0msys::Event| {\n    \u001b[1m\u001b[96m|\u001b[0m         \u001b[1m\u001b[91m^^^^^\u001b[0m \u001b[1m\u001b[91mnot found in `web_sys`\u001b[0m\n\n"}
{"$message_type":"diagnostic","message":"cannot find type `File` in crate `web_sys`","code":{"code":"E0412","explanation":"A used type name is not in scope.\n\nErroneous code examples:\n\n```compile_fail,E0412\nimpl Something {} // error: type name `Something` is not in scope\n\n// or:\n\ntrait Foo {\n    fn bar(N); // error: type name `N` is not in scope\n}\n\n// or:\n\nfn foo(x: T) {} // type name `T` is not in scope\n```\n\nTo fix this error, please verify you didn't misspell the type name, you did\ndeclare it or imported it into the scope. Examples:\n\n```\nstruct Something;\n\nimpl Something {} // ok!\n\n// or:\n\ntrait Foo {\n    type N;\n\n    fn bar(_: Self::N); // ok!\n}\n\n// or:\n\nfn foo<T>(x: T) {} // ok!\n```\n\nAnother case that causes this error is when a type is imported into a parent\nmodule. To fix this, you can follow the suggestion and use File directly or\n`use super::File;` which will import the types from the parent namespace. An\nexample that causes this error is below:\n\n```compile_fail,E0412\nuse std::fs::File;\n\nmod foo {\n    fn some_function(f: File) {}\n}\n```\n\n```\nuse std::fs::File;\n\nmod foo {\n    // either\n    use super::File;\n    // or\n    // use std::fs::File;\n    fn foo(f: File) {}\n}\n# fn main() {} // don't insert it for us; that'll break imports\n```\n"},"level":"error","spans":[{"file_name":"src\\backend\\opfs.rs","byte_start":5911,"byte_end":5915,"line_start":155,"line_end":155,"column_start":77,"column_end":81,"is_primary":true,"text":[{"text":"    async fn get_file(handle: &FileSystemFileHandle) -> WasmResult<web_sys::File> {","highlight_start":77,"highlight_end":81}],"label":"not found in `web_sys`","suggested_replacement":null,"suggestion_applicability":null,"expansion":null}],"children":[{"message":"consider importing this struct","code":null,"level":"help","spans":[{"file_name":"src\\backend\\opfs.rs","byte_start":754,"byte_end":754,"line_start":19,"line_end":19,"column_start":1,"column_end":1,"is_primary":true,"text":[{"text":"use crate::error::{WasmError, WasmResult};","highlight_start":1,"highlight_end":1}],"label":null,"suggested_replacement":"use std::fs::File;\n","suggestion_applicability":"MaybeIncorrect","expansion":null}],"children":[],"rendered":null},{"message":"if you import `File`, refer to it directly","code":null,"level":"help","spans":[{"file_name":"src\\backend\\opfs.rs","byte_start":5902,"byte_end":5911,"line_start":155,"line_end":155,"column_start":68,"column_end":77,"is_primary":true,"text":[{"text":"    async fn get_file(handle: &FileSystemFileHandle) -> WasmResult<web_sys::File> {","highlight_start":68,"highlight_end":77}],"label":null,"suggested_replacement":"","suggestion_applicability":"Unspecified","expansion":null}],"children":[],"rendered":null}],"rendered":"\u001b[1m\u001b[91merror[E0412]\u001b[0m\u001b[1m\u001b[97m: cannot find type `File` in crate `web_sys`\u001b[0m\n   \u001b[1m\u001b[96m--> \u001b[0msrc\\backend\\opfs.rs:155:77\n    \u001b[1m\u001b[96m|\u001b[0m\n\u001b[1m\u001b[96m155\u001b[0m \u001b[1m\u001b[96m|\u001b[0m \u001b[1m\u001b[96m...\u001b[0m_sys::File> {\n    \u001b[1m\u001b[96m|\u001b[0m          \u001b[1m\u001b[91m^^^^\u001b[0m \u001b[1m\u001b[91mnot found in `web_sys`\u001b[0m\n    \u001b[1m\u001b[96m|\u001b[0m\n\u001b[1m\u001b[96mhelp\u001b[0m: consider importing this struct\n    \u001b[1m\u001b[96m|\u001b[0m\n \u001b[1m\u001b[96m19\u001b[0m \u001b[92m+ use std::fs::File;\u001b[0m\n    \u001b[1m\u001b[96m|\u001b[0m\n\u001b[1m\u001b[96mhelp\u001b[0m: if you import `File`, refer to it directly\n    \u001b[1m\u001b[96m|\u001b[0m\n\u001b[1m\u001b[96m155\u001b[0m \u001b[91m- \u001b[0m    async fn get_file(handle: &FileSystemFileHandle) -> WasmResult<\u001b[91mweb_sys::\u001b[0mFile> {\n\u001b[1m\u001b[96m155\u001b[0m \u001b[92m+ \u001b[0m    async fn get_file(handle: &FileSystemFileHandle) -> WasmResult<File> {\n    \u001b[1m\u001b[96m|\u001b[0m\n\n"}
{"$message_type":"diagnostic","message":"cannot find type `File` in crate `web_sys`","code":{"code":"E0412","explanation":"A used type name is not in scope.\n\nErroneous code examples:\n\n```compile_fail,E0412\nimpl Something {} // error: type name `Something` is not in scope\n\n// or:\n\ntrait Foo {\n    fn bar(N); // error: type name `N` is not in scope\n}\n\n// or:\n\nfn foo(x: T) {} // type name `T` is not in scope\n```\n\nTo fix this error, please verify you didn't misspell the type name, you did\ndeclare it or imported it into the scope. Examples:\n\n```\nstruct Something;\n\nimpl Something {} // ok!\n\n// or:\n\ntrait Foo {\n    type N;\n\n    fn bar(_: Self::N); // ok!\n}\n\n// or:\n\nfn foo<T>(x: T) {} // ok!\n```\n\nAnother case that causes this error is when a type is imported into a parent\nmodule. To fix this, you can follow the suggestion and use File directly or\n`use super::File;` which will import the types from the parent namespace. An\nexample that causes this error is below:\n\n```compile_fail,E0412\nuse std::fs::File;\n\nmod foo {\n    fn some_function(f: File) {}\n}\n```\n\n```\nuse std::fs::File;\n\nmod foo {\n    // either\n    use super::File;\n    // or\n    // use std::fs::File;\n    fn foo(f: File) {}\n}\n# fn main() {} // don't insert it for us; that'll break imports\n```\n"},"level":"error","spans":[{"file_name":"src\\backend\\opfs.rs","byte_start":6264,"byte_end":6268,"line_start":165,"line_end":165,"column_start":34,"column_end":38,"is_primary":true,"text":[{"text":"            .dyn_into::<web_sys::File>()","highlight_start":34,"highlight_end":38}],"label":"not found in `web_sys`","suggested_replacement":null,"suggestion_applicability":null,"expansion":null}],"children":[{"message":"consider importing this struct","code":null,"level":"help","spans":[{"file_name":"src\\backend\\opfs.rs","byte_start":754,"byte_end":754,"line_start":19,"line_end":19,"column_start":1,"column_end":1,"is_primary":true,"text":[{"text":"use crate::error::{WasmError, WasmResult};","highlight_start":1,"highlight_end":1}],"label":null,"suggested_replacement":"use std::fs::File;\n","suggestion_applicability":"MaybeIncorrect","expansion":null}],"children":[],"rendered":null},{"message":"if you import `File`, refer to it directly","code":null,"level":"help","spans":[{"file_name":"src\\backend\\opfs.rs","byte_start":6255,"byte_end":6264,"line_start":165,"line_end":165,"column_start":25,"column_end":34,"is_primary":true,"text":[{"text":"            .dyn_into::<web_sys::File>()","highlight_start":25,"highlight_end":34}],"label":null,"suggested_replacement":"","suggestion_applicability":"Unspecified","expansion":null}],"children":[],"rendered":null}],"rendered":"\u001b[1m\u001b[91merror[E0412]\u001b[0m\u001b[1m\u001b[97m: cannot find type `File` in crate `web_sys`\u001b[0m\n   \u001b[1m\u001b[96m--> \u001b[0msrc\\backend\\opfs.rs:165:34\n    \u001b[1m\u001b[96m|\u001b[0m\n\u001b[1m\u001b[96m165\u001b[0m \u001b[1m\u001b[96m|\u001b[0m             .dyn_into::<web_sys::File>()\n    \u001b[1m\u001b[96m|\u001b[0m                                  \u001b[1m\u001b[91m^^^^\u001b[0m \u001b[1m\u001b[91mnot found in `web_sys`\u001b[0m\n    \u001b[1m\u001b[96m|\u001b[0m\n\u001b[1m\u001b[96mhelp\u001b[0m: consider importing this struct\n    \u001b[1m\u001b[96m|\u001b[0m\n \u001b[1m\u001b[96m19\u001b[0m \u001b[92m+ use std::fs::File;\u001b[0m\n    \u001b[1m\u001b[96m|\u001b[0m\n\u001b[1m\u001b[96mhelp\u001b[0m: if you import `File`, refer to it directly\n    \u001b[1m\u001b[96m|\u001b[0m\n\u001b[1m\u001b[96m165\u001b[0m \u001b[91m- \u001b[0m            .dyn_into::<\u001b[91mweb_sys::\u001b[0mFile>()\n\u001b[1m\u001b[96m165\u001b[0m \u001b[92m+ \u001b[0m            .dyn_into::<File>()\n    \u001b[1m\u001b[96m|\u001b[0m\n\n"}
{"$message_type":"diagnostic","message":"unused imports: `Array` and `Object`","code":{"code":"unused_imports","explanation":null},"level":"warning","spans":[{"file_name":"src\\backend\\indexeddb.rs","byte_start":579,"byte_end":584,"line_start":17,"line_end":17,"column_start":14,"column_end":19,"is_primary":true,"text":[{"text":"use js_sys::{Array, Object, Uint8Array};","highlight_start":14,"highlight_end":19}],"label":null,"suggested_replacement":null,"suggestion_applicability":null,"expansion":null},{"file_name":"src\\backend\\indexeddb.rs","byte_start":586,"byte_end":592,"line_start":17,"line_end":17,"column_start":21,"column_end":27,"is_primary":true,"text":[{"text":"use js_sys::{Array, Object, Uint8Array};","highlight_start":21,"highlight_end":27}],"label":null,"suggested_replacement":null,"suggestion_applicability":null,"expansion":null}],"children":[{"message":"`#[warn(unused_imports)]` (part of `#[warn(unused)]`) on by default","code":null,"level":"note","spans":[],"children":[],"rendered":null},{"message":"remove the unused imports","code":null,"level":"help","spans":[{"file_name":"src\\backend\\indexeddb.rs","byte_start":579,"byte_end":594,"line_start":17,"line_end":17,"column_start":14,"column_end":29,"is_primary":true,"text":[{"text":"use js_sys::{Array, Object, Uint8Array};","highlight_start":14,"highlight_end":29}],"label":null,"suggested_replacement":"","suggestion_applicability":"MachineApplicable","expansion":null},{"file_name":"src\\backend\\indexeddb.rs","byte_start":578,"byte_end":579,"line_start":17,"line_end":17,"column_start":13,"column_end":14,"is_primary":true,"text":[{"text":"use js_sys::{Array, Object, Uint8Array};","highlight_start":13,"highlight_end":14}],"label":null,"suggested_replacement":"","suggestion_applicability":"MachineApplicable","expansion":null},{"file_name":"src\\backend\\indexeddb.rs","byte_start":604,"byte_end":605,"line_start":17,"line_end":17,"column_start":39,"column_end":40,"is_primary":true,"text":[{"text":"use js_sys::{Array, Object, Uint8Array};","highlight_start":39,"highlight_end":40}],"label":null,"suggested_replacement":"","suggestion_applicability":"MachineApplicable","expansion":null}],"children":[],"rendered":null}],"rendered":"\u001b[1m\u001b[93mwarning\u001b[0m\u001b[1m\u001b[97m: unused imports: `Array` and `Object`\u001b[0m\n  \u001b[1m\u001b[96m--> \u001b[0msrc\\backend\\indexeddb.rs:17:14\n   \u001b[1m\u001b[96m|\u001b[0m\n\u001b[1m\u001b[96m17\u001b[0m \u001b[1m\u001b[96m|\u001b[0m use js_sys::{Array, Object, Uint8Array};\n   \u001b[1m\u001b[96m|\u001b[0m              \u001b[1m\u001b[93m^^^^^\u001b[0m  \u001b[1m\u001b[93m^^^^^^\u001b[0m\n   \u001b[1m\u001b[96m|\u001b[0m\n   \u001b[1m\u001b[96m= \u001b[0m\u001b[1m\u001b[97mnote\u001b[0m: `#[warn(unused_imports)]` (part of `#[warn(unused)]`) on by default\n\n"}
{"$message_type":"diagnostic","message":"unused import: `wasm_bindgen_futures::JsFuture`","code":{"code":"unused_imports","explanation":null},"level":"warning","spans":[{"file_name":"src\\backend\\indexeddb.rs","byte_start":686,"byte_end":716,"line_start":21,"line_end":21,"column_start":5,"column_end":35,"is_primary":true,"text":[{"text":"use wasm_bindgen_futures::JsFuture;","highlight_start":5,"highlight_end":35}],"label":null,"suggested_replacement":null,"suggestion_applicability":null,"expansion":null}],"children":[{"message":"remove the whole `use` item","code":null,"level":"help","spans":[{"file_name":"src\\backend\\indexeddb.rs","byte_start":682,"byte_end":719,"line_start":21,"line_end":22,"column_start":1,"column_end":1,"is_primary":true,"text":[{"text":"use wasm_bindgen_futures::JsFuture;","highlight_start":1,"highlight_end":36},{"text":"use web_sys::{","highlight_start":1,"highlight_end":1}],"label":null,"suggested_replacement":"","suggestion_applicability":"MachineApplicable","expansion":null}],"children":[],"rendered":null}],"rendered":"\u001b[1m\u001b[93mwarning\u001b[0m\u001b[1m\u001b[97m: unused import: `wasm_bindgen_futures::JsFuture`\u001b[0m\n  \u001b[1m\u001b[96m--> \u001b[0msrc\\backend\\indexeddb.rs:21:5\n   \u001b[1m\u001b[96m|\u001b[0m\n\u001b[1m\u001b[96m21\u001b[0m \u001b[1m\u001b[96m|\u001b[0m use wasm_bindgen_futures::JsFuture;\n   \u001b[1m\u001b[96m|\u001b[0m     \u001b[1m\u001b[93m^^^^^^^^^^^^^^^^^^^^^^^^^^^^^^\u001b[0m\n\n"}
{"$message_type":"diagnostic","message":"unused imports: `IdbObjectStore` and `IdbTransaction`","code":{"code":"unused_imports","explanation":null},"level":"warning","spans":[{"file_name":"src\\backend\\indexeddb.rs","byte_start":764,"byte_end":778,"line_start":23,"line_end":23,"column_start":30,"column_end":44,"is_primary":true,"text":[{"text":"    IdbDatabase, IdbFactory, IdbObjectStore, IdbOpenDbRequest, IdbRequest, IdbTransaction,","highlight_start":30,"highlight_end":44}],"label":null,"suggested_replacement":null,"suggestion_applicability":null,"expansion":null},{"file_name":"src\\backend\\indexeddb.rs","byte_start":810,"byte_end":824,"line_start":23,"line_end":23,"column_start":76,"column_end":90,"is_primary":true,"text":[{"text":"    IdbDatabase, IdbFactory, IdbObjectStore, IdbOpenDbRequest, IdbRequest, IdbTransaction,","highlight_start":76,"highlight_end":90}],"label":null,"suggested_replacement":null,"suggestion_applicability":null,"expansion":null}],"children":[{"message":"remove the unused imports","code":null,"level":"help","spans":[{"file_name":"src\\backend\\indexeddb.rs","byte_start":762,"byte_end":778,"line_start":23,"line_end":23,"column_start":28,"column_end":44,"is_primary":true,"text":[{"text":"    IdbDatabase, IdbFactory, IdbObjectStore, IdbOpenDbRequest, IdbRequest, IdbTransaction,","highlight_start":28,"highlight_end":44}],"label":null,"suggested_replacement":"","suggestion_applicability":"MachineApplicable","expansion":null},{"file_name":"src\\backend\\indexeddb.rs","byte_start":808,"byte_end":824,"line_start":23,"line_end":23,"column_start":74,"column_end":90,"is_primary":true,"text":[{"text":"    IdbDatabase, IdbFactory, IdbObjectStore, IdbOpenDbRequest, IdbRequest, IdbTransaction,","highlight_start":74,"highlight_end":90}],"label":null,"suggested_replacement":"","suggestion_applicability":"MachineApplicable","expansion":null}],"children":[],"rendered":null}],"rendered":"\u001b[1m\u001b[93mwarning\u001b[0m\u001b[1m\u001b[97m: unused imports: `IdbObjectStore` and `IdbTransaction`\u001b[0m\n  \u001b[1m\u001b[96m--> \u001b[0msrc\\backend\\indexeddb.rs:23:30\n   \u001b[1m\u001b[96m|\u001b[0m\n\u001b[1m\u001b[96m23\u001b[0m \u001b[1m\u001b[96m|\u001b[0m \u001b[1m\u001b[96m...\u001b[0my, IdbObjectStore, IdbOpenDbRequest, IdbRequest, IdbTransaction,\n   \u001b[1m\u001b[96m|\u001b[0m       \u001b[1m\u001b[93m^^^^^^^^^^^^^^\u001b[0m                                \u001b[1m\u001b[93m^^^^^^^^^^^^^^\u001b[0m\n\n"}
{"$message_type":"diagnostic","message":"unused imports: `StorageError` and `StorageResult`","code":{"code":"unused_imports","explanation":null},"level":"warning","spans":[{"file_name":"src\\backend\\opfs.rs","byte_start":835,"byte_end":847,"line_start":20,"line_end":20,"column_start":38,"column_end":50,"is_primary":true,"text":[{"text":"use entidb_storage::{StorageBackend, StorageError, StorageResult};","highlight_start":38,"highlight_end":50}],"label":null,"suggested_replacement":null,"suggestion_applicability":null,"expansion":null},{"file_name":"src\\backend\\opfs.rs","byte_start":849,"byte_end":862,"line_start":20,"line_end":20,"column_start":52,"column_end":65,"is_primary":true,"text":[{"text":"use entidb_storage::{StorageBackend, StorageError, StorageResult};","highlight_start":52,"highlight_end":65}],"label":null,"suggested_replacement":null,"suggestion_applicability":null,"expansion":null}],"children":[{"message":"remove the unused imports","code":null,"level":"help","spans":[{"file_name":"src\\backend\\opfs.rs","byte_start":833,"byte_end":862,"line_start":20,"line_end":20,"column_start":36,"column_end":65,"is_primary":true,"text":[{"text":"use entidb_storage::{StorageBackend, StorageError, StorageResult};","highlight_start":36,"highlight_end":65}],"label":null,"suggested_replacement":"","suggestion_applicability":"MachineApplicable","expansion":null},{"file_name":"src\\backend\\opfs.rs","byte_start":818,"byte_end":819,"line_start":20,"line_end":20,"column_start":21,"column_end":22,"is_primary":true,"text":[{"text":"use entidb_storage::{StorageBackend, StorageError, StorageResult};","highlight_start":21,"highlight_end":22}],"label":null,"suggested_replacement":"","suggestion_applicability":"MachineApplicable","expansion":null},{"file_name":"src\\backend\\opfs.rs","byte_start":862,"byte_end":863,"line_start":20,"line_end":20,"column_start":65,"column_end":66,"is_primary":true,"text":[{"text":"use entidb_storage::{StorageBackend, StorageError, StorageResult};","highlight_start":65,"highlight_end":66}],"label":null,"suggested_replacement":"","suggestion_applicability":"MachineApplicable","expansion":null}],"children":[],"rendered":null}],"rendered":"\u001b[1m\u001b[93mwarning\u001b[0m\u001b[1m\u001b[97m: unused imports: `StorageError` and `StorageResult`\u001b[0m\n  \u001b[1m\u001b[96m--> \u001b[0msrc\\backend\\opfs.rs:20:38\n   \u001b[1m\u001b[96m|\u001b[0m\n\u001b[1m\u001b[96m20\u001b[0m \u001b[1m\u001b[96m|\u001b[0m \u001b[1m\u001b[96m...\u001b[0mkend, StorageError, StorageResult};\n   \u001b[1m\u001b[96m|\u001b[0m          \u001b[1m\u001b[93m^^^^^^^^^^^^\u001b[0m  \u001b[1m\u001b[93m^^^^^^^^^^^^^\u001b[0m\n\n"}
{"$message_type":"diagnostic","message":"unused imports: `Array` and `Object`","code":{"code":"unused_imports","explanation":null},"level":"warning","spans":[{"file_name":"src\\backend\\opfs.rs","byte_start":879,"byte_end":884,"line_start":21,"line_end":21,"column_start":14,"column_end":19,"is_primary":true,"text":[{"text":"use js_sys::{Array, Object, Promise, Uint8Array};","highlight_start":14,"highlight_end":19}],"label":null,"suggested_replacement":null,"suggestion_applicability":null,"expansion":null},{"file_name":"src\\backend\\opfs.rs","byte_start":886,"byte_end":892,"line_start":21,"line_end":21,"column_start":21,"column_end":27,"is_primary":true,"text":[{"text":"use js_sys::{Array, Object, Promise, Uint8Array};","highlight_start":21,"highlight_end":27}],"label":null,"suggested_replacement":null,"suggestion_applicability":null,"expansion":null}],"children":[{"message":"remove the unused imports","code":null,"level":"help","spans":[{"file_name":"src\\backend\\opfs.rs","byte_start":879,"byte_end":894,"line_start":21,"line_end":21,"column_start":14,"column_end":29,"is_primary":true,"text":[{"text":"use js_sys::{Array, Object, Promise, Uint8Array};","highlight_start":14,"highlight_end":29}],"label":null,"suggested_replacement":"","suggestion_applicability":"MachineApplicable","expansion":null}],"children":[],"rendered":null}],"rendered":"\u001b[1m\u001b[93mwarning\u001b[0m\u001b[1m\u001b[97m: unused imports: `Array` and `Object`\u001b[0m\n  \u001b[1m\u001b[96m--> \u001b[0msrc\\backend\\opfs.rs:21:14\n   \u001b[1m\u001b[96m|\u001b[0m\n\u001b[1m\u001b[96m21\u001b[0m \u001b[1m\u001b[96m|\u001b[0m use js_sys::{Array, Object, Promise, Uint8A\u001b[1m\u001b[96m...\u001b[0m\n   \u001b[1m\u001b[96m|\u001b[0m              \u001b[1m\u001b[93m^^^^^\u001b[0m  \u001b[1m\u001b[93m^^^^^^\u001b[0m\n\n"}
{"$message_type":"diagnostic","message":"unused import: `FileSystemSyncAccessHandle`","code":{"code":"unused_imports","explanation":null},"level":"warning","spans":[{"file_name":"src\\backend\\opfs.rs","byte_start":1128,"byte_end":1154,"line_start":28,"line_end":28,"column_start":5,"column_end":31,"is_primary":true,"text":[{"text":"    FileSystemSyncAccessHandle,","highlight_start":5,"highlight_end":31}],"label":null,"suggested_replacement":null,"suggestion_applicability":null,"expansion":null}],"children":[{"message":"remove the unused import","code":null,"level":"help","spans":[{"file_name":"src\\backend\\opfs.rs","byte_start":1121,"byte_end":1154,"line_start":27,"line_end":28,"column_start":78,"column_end":31,"is_primary":true,"text":[{"text":"    FileSystemDirectoryHandle, FileSystemFileHandle, FileSystemGetFileOptions,","highlight_start":78,"highlight_end":79},{"text":"    FileSystemSyncAccessHandle,","highlight_start":1,"highlight_end":31}],"label":null,"suggested_replacement":"","suggestion_applicability":"MachineApplicable","expansion":null}],"children":[],"rendered":null}],"rendered":"\u001b[1m\u001b[93mwarning\u001b[0m\u001b[1m\u001b[97m: unused import: `FileSystemSyncAccessHandle`\u001b[0m\n  \u001b[1m\u001b[96m--> \u001b[0msrc\\backend\\opfs.rs:28:5\n   \u001b[1m\u001b[96m|\u001b[0m\n\u001b[1m\u001b[96m28\u001b[0m \u001b[1m\u001b[96m|\u001b[0m     FileSystemSyncAccessHandle,\n   \u001b[1m\u001b[96m|\u001b[0m     \u001b[1m\u001b[93m^^^^^^^^^^^^^^^^^^^^^^^^^^\u001b[0m\n\n"}
{"$message_type":"diagnostic","message":"unused import: `indexeddb::IndexedDbBackend`","code":{"code":"unused_imports","explanation":null},"level":"warning","spans":[{"file_name":"src\\backend\\mod.rs","byte_start":388,"byte_end":415,"line_start":14,"line_end":14,"column_start":9,"column_end":36,"is_primary":true,"text":[{"text":"pub use indexeddb::IndexedDbBackend;","highlight_start":9,"highlight_end":36}],"label":null,"suggested_replacement":null,"suggestion_applicability":null,"expansion":null}],"children":[{"message":"remove the whole `use` item","code":null,"level":"help","spans":[{"file_name":"src\\backend\\mod.rs","byte_start":380,"byte_end":418,"line_start":14,"line_end":15,"column_start":1,"column_end":1,"is_primary":true,"text":[{"text":"pub use indexeddb::IndexedDbBackend;","highlight_start":1,"highlight_end":37},{"text":"pub use memory::WasmMemoryBackend;","highlight_start":1,"highlight_end":1}],"label":null,"suggested_replacement":"","suggestion_applicability":"MachineApplicable","expansion":null}],"children":[],"rendered":null}],"rendered":"\u001b[1m\u001b[93mwarning\u001b[0m\u001b[1m\u001b[97m: unused import: `indexeddb::IndexedDbBackend`\u001b[0m\n  \u001b[1m\u001b[96m--> \u001b[0msrc\\backend\\mod.rs:14:9\n   \u001b[1m\u001b[96m|\u001b[0m\n\u001b[1m\u001b[96m14\u001b[0m \u001b[1m\u001b[96m|\u001b[0m pub use indexeddb::IndexedDbBackend;\n   \u001b[1m\u001b[96m|\u001b[0m         \u001b[1m\u001b[93m^^^^^^^^^^^^^^^^^^^^^^^^^^^\u001b[0m\n\n"}
{"$message_type":"diagnostic","message":"unused import: `opfs::OpfsBackend`","code":{"code":"unused_imports","explanation":null},"level":"warning","spans":[{"file_name":"src\\backend\\mod.rs","byte_start":462,"byte_end":479,"line_start":16,"line_end":16,"column_start":9,"column_end":26,"is_primary":true,"text":[{"text":"pub use opfs::OpfsBackend;","highlight_start":9,"highlight_end":26}],"label":null,"suggested_replacement":null,"suggestion_applicability":null,"expansion":null}],"children":[{"message":"remove the whole `use` item","code":null,"level":"help","spans":[{"file_name":"src\\backend\\mod.rs","byte_start":454,"byte_end":482,"line_start":16,"line_end":17,"column_start":1,"column_end":1,"is_primary":true,"text":[{"text":"pub use opfs::OpfsBackend;","highlight_start":1,"highlight_end":27},{"text":"","highlight_start":1,"highlight_end":1}],"label":null,"suggested_replacement":"","suggestion_applicability":"MachineApplicable","expansion":null}],"children":[],"rendered":null}],"rendered":"\u001b[1m\u001b[93mwarning\u001b[0m\u001b[1m\u001b[97m: unused import: `opfs::OpfsBackend`\u001b[0m\n  \u001b[1m\u001b[96m--> \u001b[0msrc\\backend\\mod.rs:16:9\n   \u001b[1m\u001b[96m|\u001b[0m\n\u001b[1m\u001b[96m16\u001b[0m \u001b[1m\u001b[96m|\u001b[0m pub use opfs::OpfsBackend;\n   \u001b[1m\u001b[96m|\u001b[0m         \u001b[1m\u001b[93m^^^^^^^^^^^^^^^^^\u001b[0m\n\n"}
{"$message_type":"diagnostic","message":"unused import: `crate::error::WasmError`","code":{"code":"unused_imports","explanation":null},"level":"warning","spans":[{"file_name":"src\\database.rs","byte_start":193,"byte_end":216,"line_start":7,"line_end":7,"column_start":5,"column_end":28,"is_primary":true,"text":[{"text":"use crate::error::WasmError;","highlight_start":5,"highlight_end":28}],"label":null,"suggested_replacement":null,"suggestion_applicability":null,"expansion":null}],"children":[{"message":"remove the whole `use` item","code":null,"level":"help","spans":[{"file_name":"src\\database.rs","byte_start":189,"byte_end":219,"line_start":7,"line_end":8,"column_start":1,"column_end":1,"is_primary":true,"text":[{"text":"use crate::error::WasmError;","highlight_start":1,"highlight_end":29},{"text":"use entidb_core::{Database as CoreDatabase, DatabaseConfig, EntityId as CoreEntityId};","highlight_start":1,"highlight_end":1}],"label":null,"suggested_replacement":"","suggestion_applicability":"MachineApplicable","expansion":null}],"children":[],"rendered":null}],"rendered":"\u001b[1m\u001b[93mwarning\u001b[0m\u001b[1m\u001b[97m: unused import: `crate::error::WasmError`\u001b[0m\n \u001b[1m\u001b[96m--> \u001b[0msrc\\database.rs:7:5\n  \u001b[1m\u001b[96m|\u001b[0m\n\u001b[1m\u001b[96m7\u001b[0m \u001b[1m\u001b[96m|\u001b[0m use crate::error::WasmError;\n  \u001b[1m\u001b[96m|\u001b[0m     \u001b[1m\u001b[93m^^^^^^^^^^^^^^^^^^^^^^^\u001b[0m\n\n"}
{"$message_type":"diagnostic","message":"unused import: `Object`","code":{"code":"unused_imports","explanation":null},"level":"warning","spans":[{"file_name":"src\\database.rs","byte_start":327,"byte_end":333,"line_start":9,"line_end":9,"column_start":21,"column_end":27,"is_primary":true,"text":[{"text":"use js_sys::{Array, Object, Uint8Array};","highlight_start":21,"highlight_end":27}],"label":null,"suggested_replacement":null,"suggestion_applicability":null,"expansion":null}],"children":[{"message":"remove the unused import","code":null,"level":"help","spans":[{"file_name":"src\\database.rs","byte_start":325,"byte_end":333,"line_start":9,"line_end":9,"column_start":19,"column_end":27,"is_primary":true,"text":[{"text":"use js_sys::{Array, Object, Uint8Array};","highlight_start":19,"highlight_end":27}],"label":null,"suggested_replacement":"","suggestion_applicability":"MachineApplicable","expansion":null}],"children":[],"rendered":null}],"rendered":"\u001b[1m\u001b[93mwarning\u001b[0m\u001b[1m\u001b[97m: unused import: `Object`\u001b[0m\n \u001b[1m\u001b[96m--> \u001b[0msrc\\database.rs:9:21\n  \u001b[1m\u001b[96m|\u001b[0m\n\u001b[1m\u001b[96m9\u001b[0m \u001b[1m\u001b[96m|\u001b[0m use js_sys::{Array, Object, Uint8Array};\n  \u001b[1m\u001b[96m|\u001b[0m                     \u001b[1m\u001b[93m^^^^^^\u001b[0m\n\n"}
{"$message_type":"diagnostic","message":"struct takes 0 generic arguments but 1 generic argument was supplied","code":{"code":"E0107","explanation":"An incorrect number of generic arguments was provided.\n\nErroneous code example:\n\n```compile_fail,E0107\nstruct Foo<T> { x: T }\n\nstruct Bar { x: Foo }             // error: wrong number of type arguments:\n                                  //        expected 1, found 0\nstruct Baz<S, T> { x: Foo<S, T> } // error: wrong number of type arguments:\n                                  //        expected 1, found 2\n\nfn foo<T, U>(x: T, y: U) {}\nfn f() {}\n\nfn main() {\n    let x: bool = true;\n    foo::<bool>(x);                 // error: wrong number of type arguments:\n                                    //        expected 2, found 1\n    foo::<bool, i32, i32>(x, 2, 4); // error: wrong number of type arguments:\n                                    //        expected 2, found 3\n    f::<'static>();                 // error: wrong number of lifetime arguments\n                                    //        expected 0, found 1\n}\n```\n\nWhen using/declaring an item with generic arguments, you must provide the exact\nsame number:\n\n```\nstruct Foo<T> { x: T }\n\nstruct Bar<T> { x: Foo<T> }               // ok!\nstruct Baz<S, T> { x: Foo<S>, y: Foo<T> } // ok!\n\nfn foo<T, U>(x: T, y: U) {}\nfn f() {}\n\nfn main() {\n    let x: bool = true;\n    foo::<bool, u32>(x, 12);              // ok!\n    f();                                  // ok!\n}\n```\n"},"level":"error","spans":[{"file_name":"src\\database.rs","byte_start":993,"byte_end":1005,"line_start":34,"line_end":34,"column_start":23,"column_end":35,"is_primary":true,"text":[{"text":"    inner: Rc<RefCell<CoreDatabase<WasmMemoryBackend>>>,","highlight_start":23,"highlight_end":35}],"label":"expected 0 generic arguments","suggested_replacement":null,"suggestion_applicability":null,"expansion":null}],"children":[{"message":"struct defined here, with 0 generic parameters","code":null,"level":"note","spans":[{"file_name":"D:\\rust\\entidb\\crates\\entidb_core\\src\\database.rs","byte_start":1247,"byte_end":1255,"line_start":43,"line_end":43,"column_start":12,"column_end":20,"is_primary":true,"text":[{"text":"pub struct Database {","highlight_start":12,"highlight_end":20}],"label":null,"suggested_replacement":null,"suggestion_applicability":null,"expansion":null}],"children":[],"rendered":null},{"message":"remove the unnecessary generics","code":null,"level":"help","spans":[{"file_name":"src\\database.rs","byte_start":1005,"byte_end":1024,"line_start":34,"line_end":34,"column_start":35,"column_end":54,"is_primary":true,"text":[{"text":"    inner: Rc<RefCell<CoreDatabase<WasmMemoryBackend>>>,","highlight_start":35,"highlight_end":54}],"label":null,"suggested_replacement":"","suggestion_applicability":"MaybeIncorrect","expansion":null}],"children":[],"rendered":null}],"rendered":"\u001b[1m\u001b[91merror[E0107]\u001b[0m\u001b[1m\u001b[97m: struct takes 0 generic arguments but 1 generic argument was supplied\u001b[0m\n  \u001b[1m\u001b[96m--> \u001b[0msrc\\database.rs:34:23\n   \u001b[1m\u001b[96m|\u001b[0m\n\u001b[1m\u001b[96m34\u001b[0m \u001b[1m\u001b[96m|\u001b[0m \u001b[1m\u001b[96m...\u001b[0mll<CoreDatabase<WasmMemoryBackend>>>,\n   \u001b[1m\u001b[96m|\u001b[0m       \u001b[1m\u001b[91m^^^^^^^^^^^^\u001b[0m\u001b[1m\u001b[96m-------------------\u001b[0m \u001b[1m\u001b[96mhelp: remove the unnecessary generics\u001b[0m\n   \u001b[1m\u001b[96m|\u001b[0m       \u001b[1m\u001b[91m|\u001b[0m\n   \u001b[1m\u001b[96m|\u001b[0m       \u001b[1m\u001b[91mexpected 0 generic arguments\u001b[0m\n   \u001b[1m\u001b[96m|\u001b[0m\n\u001b[1m\u001b[92mnote\u001b[0m: struct defined here, with 0 generic parameters\n  \u001b[1m\u001b[96m--> \u001b[0mD:\\rust\\entidb\\crates\\entidb_core\\src\\database.rs:43:12\n   \u001b[1m\u001b[96m|\u001b[0m\n\u001b[1m\u001b[96m43\u001b[0m \u001b[1m\u001b[96m|\u001b[0m pub struct Database {\n   \u001b[1m\u001b[96m|\u001b[0m            \u001b[1m\u001b[92m^^^^^^^^\u001b[0m\n\n"}
{"$message_type":"diagnostic","message":"struct takes 0 generic arguments but 1 generic argument was supplied","code":{"code":"E0107","explanation":"An incorrect number of generic arguments was provided.\n\nErroneous code example:\n\n```compile_fail,E0107\nstruct Foo<T> { x: T }\n\nstruct Bar { x: Foo }             // error: wrong number of type arguments:\n                                  //        expected 1, found 0\nstruct Baz<S, T> { x: Foo<S, T> } // error: wrong number of type arguments:\n                                  //        expected 1, found 2\n\nfn foo<T, U>(x: T, y: U) {}\nfn f() {}\n\nfn main() {\n    let x: bool = true;\n    foo::<bool>(x);                 // error: wrong number of type arguments:\n                                    //        expected 2, found 1\n    foo::<bool, i32, i32>(x, 2, 4); // error: wrong number of type arguments:\n                                    //        expected 2, found 3\n    f::<'static>();                 // error: wrong number of lifetime arguments\n                                    //        expected 0, found 1\n}\n```\n\nWhen using/declaring an item with generic arguments, you must provide the exact\nsame number:\n\n```\nstruct Foo<T> { x: T }\n\nstruct Bar<T> { x: Foo<T> }               // ok!\nstruct Baz<S, T> { x: Foo<S>, y: Foo<T> } // ok!\n\nfn foo<T, U>(x: T, y: U) {}\nfn f() {}\n\nfn main() {\n    let x: bool = true;\n    foo::<bool, u32>(x, 12);              // ok!\n    f();                                  // ok!\n}\n```\n"},"level":"error","spans":[{"file_name":"src\\database.rs","byte_start":7577,"byte_end":7589,"line_start":223,"line_end":223,"column_start":26,"column_end":38,"is_primary":true,"text":[{"text":"    database: Rc<RefCell<CoreDatabase<WasmMemoryBackend>>>,","highlight_start":26,"highlight_end":38}],"label":"expected 0 generic arguments","suggested_replacement":null,"suggestion_applicability":null,"expansion":null}],"children":[{"message":"struct defined here, with 0 generic parameters","code":null,"level":"note","spans":[{"file_name":"D:\\rust\\entidb\\crates\\entidb_core\\src\\database.rs","byte_start":1247,"byte_end":1255,"line_start":43,"line_end":43,"column_start":12,"column_end":20,"is_primary":true,"text":[{"text":"pub struct Database {","highlight_start":12,"highlight_end":20}],"label":null,"suggested_replacement":null,"suggestion_applicability":null,"expansion":null}],"children":[],"rendered":null},{"message":"remove the unnecessary generics","code":null,"level":"help","spans":[{"file_name":"src\\database.rs","byte_start":7589,"byte_end":7608,"line_start":223,"line_end":223,"column_start":38,"column_end":57,"is_primary":true,"text":[{"text":"    database: Rc<RefCell<CoreDatabase<WasmMemoryBackend>>>,","highlight_start":38,"highlight_end":57}],"label":null,"suggested_replacement":"","suggestion_applicability":"MaybeIncorrect","expansion":null}],"children":[],"rendered":null}],"rendered":"\u001b[1m\u001b[91merror[E0107]\u001b[0m\u001b[1m\u001b[97m: struct takes 0 generic arguments but 1 generic argument was supplied\u001b[0m\n   \u001b[1m\u001b[96m--> \u001b[0msrc\\database.rs:223:26\n    \u001b[1m\u001b[96m|\u001b[0m\n\u001b[1m\u001b[96m223\u001b[0m \u001b[1m\u001b[96m|\u001b[0m \u001b[1m\u001b[96m...\u001b[0mll<CoreDatabase<WasmMemoryBackend>>>,\n    \u001b[1m\u001b[96m|\u001b[0m       \u001b[1m\u001b[91m^^^^^^^^^^^^\u001b[0m\u001b[1m\u001b[96m-------------------\u001b[0m \u001b[1m\u001b[96mhelp: remove the unnecessary generics\u001b[0m\n    \u001b[1m\u001b[96m|\u001b[0m       \u001b[1m\u001b[91m|\u001b[0m\n    \u001b[1m\u001b[96m|\u001b[0m       \u001b[1m\u001b[91mexpected 0 generic arguments\u001b[0m\n    \u001b[1m\u001b[96m|\u001b[0m\n\u001b[1m\u001b[92mnote\u001b[0m: struct defined here, with 0 generic parameters\n   \u001b[1m\u001b[96m--> \u001b[0mD:\\rust\\entidb\\crates\\entidb_core\\src\\database.rs:43:12\n    \u001b[1m\u001b[96m|\u001b[0m\n \u001b[1m\u001b[96m43\u001b[0m \u001b[1m\u001b[96m|\u001b[0m pub struct Database {\n    \u001b[1m\u001b[96m|\u001b[0m            \u001b[1m\u001b[92m^^^^^^^^\u001b[0m\n\n"}
{"$message_type":"diagnostic","message":"type annotations needed","code":{"code":"E0282","explanation":"The compiler could not infer a type and asked for a type annotation.\n\nErroneous code example:\n\n```compile_fail,E0282\nlet x = Vec::new();\n```\n\nThis error indicates that type inference did not result in one unique possible\ntype, and extra information is required. In most cases this can be provided\nby adding a type annotation. Sometimes you need to specify a generic type\nparameter manually.\n\nIn the example above, type `Vec` has a type parameter `T`. When calling\n`Vec::new`, barring any other later usage of the variable `x` that allows the\ncompiler to infer what type `T` is, the compiler needs to be told what it is.\n\nThe type can be specified on the variable:\n\n```\nlet x: Vec<i32> = Vec::new();\n```\n\nThe type can also be specified in the path of the expression:\n\n```\nlet x = Vec::<i32>::new();\n```\n\nIn cases with more complex types, it is not necessary to annotate the full\ntype. Once the ambiguity is resolved, the compiler can infer the rest:\n\n```\nlet x: Vec<_> = \"hello\".chars().rev().collect();\n```\n\nAnother way to provide the compiler with enough information, is to specify the\ngeneric type parameter:\n\n```\nlet x = \"hello\".chars().rev().collect::<Vec<char>>();\n```\n\nAgain, you need not specify the full type if the compiler can infer it:\n\n```\nlet x = \"hello\".chars().rev().collect::<Vec<_>>();\n```\n\nApart from a method or function with a generic type parameter, this error can\noccur when a type parameter of a struct or trait cannot be inferred. In that\ncase it is not always possible to use a type annotation, because all candidates\nhave the same return type. For instance:\n\n```compile_fail,E0282\nstruct Foo<T> {\n    num: T,\n}\n\nimpl<T> Foo<T> {\n    fn bar() -> i32 {\n        0\n    }\n\n    fn baz() {\n        let number = Foo::bar();\n    }\n}\n```\n\nThis will fail because the compiler does not know which instance of `Foo` to\ncall `bar` on. Change `Foo::bar()` to `Foo::<T>::bar()` to resolve the error.\n"},"level":"error","spans":[{"file_name":"src\\backend\\indexeddb.rs","byte_start":5740,"byte_end":5746,"line_start":146,"line_end":146,"column_start":25,"column_end":31,"is_primary":true,"text":[{"text":"                let _ = sender.send(Err(WasmError::IndexedDb(format!(","highlight_start":25,"highlight_end":31}],"label":"cannot infer type","suggested_replacement":null,"suggestion_applicability":null,"expansion":null}],"children":[],"rendered":"\u001b[1m\u001b[91merror[E0282]\u001b[0m\u001b[1m\u001b[97m: type annotations needed\u001b[0m\n   \u001b[1m\u001b[96m--> \u001b[0msrc\\backend\\indexeddb.rs:146:25\n    \u001b[1m\u001b[96m|\u001b[0m\n\u001b[1m\u001b[96m146\u001b[0m \u001b[1m\u001b[96m|\u001b[0m \u001b[1m\u001b[96m...\u001b[0m   let _ = sender.send(Err(WasmError::I\u001b[1m\u001b[96m...\u001b[0m\n    \u001b[1m\u001b[96m|\u001b[0m               \u001b[1m\u001b[91m^^^^^^\u001b[0m \u001b[1m\u001b[91mcannot infer type\u001b[0m\n\n"}
{"$message_type":"diagnostic","message":"type annotations needed","code":{"code":"E0282","explanation":"The compiler could not infer a type and asked for a type annotation.\n\nErroneous code example:\n\n```compile_fail,E0282\nlet x = Vec::new();\n```\n\nThis error indicates that type inference did not result in one unique possible\ntype, and extra information is required. In most cases this can be provided\nby adding a type annotation. Sometimes you need to specify a generic type\nparameter manually.\n\nIn the example above, type `Vec` has a type parameter `T`. When calling\n`Vec::new`, barring any other later usage of the variable `x` that allows the\ncompiler to infer what type `T` is, the compiler needs to be told what it is.\n\nThe type can be specified on the variable:\n\n```\nlet x: Vec<i32> = Vec::new();\n```\n\nThe type can also be specified in the path of the expression:\n\n```\nlet x = Vec::<i32>::new();\n```\n\nIn cases with more complex types, it is not necessary to annotate the full\ntype. Once the ambiguity is resolved, the compiler can infer the rest:\n\n```\nlet x: Vec<_> = \"hello\".chars().rev().collect();\n```\n\nAnother way to provide the compiler with enough information, is to specify the\ngeneric type parameter:\n\n```\nlet x = \"hello\".chars().rev().collect::<Vec<char>>();\n```\n\nAgain, you need not specify the full type if the compiler can infer it:\n\n```\nlet x = \"hello\".chars().rev().collect::<Vec<_>>();\n```\n\nApart from a method or function with a generic type parameter, this error can\noccur when a type parameter of a struct or trait cannot be inferred. In that\ncase it is not always possible to use a type annotation, because all candidates\nhave the same return type. For instance:\n\n```compile_fail,E0282\nstruct Foo<T> {\n    num: T,\n}\n\nimpl<T> Foo<T> {\n    fn bar() -> i32 {\n        0\n    }\n\n    fn baz() {\n        let number = Foo::bar();\n    }\n}\n```\n\nThis will fail because the compiler does not know which instance of `Foo` to\ncall `bar` on. Change `Foo::bar()` to `Foo::<T>::bar()` to resolve the error.\n"},"level":"error","spans":[{"file_name":"src\\backend\\indexeddb.rs","byte_start":6144,"byte_end":6172,"line_start":158,"line_end":159,"column_start":9,"column_end":19,"is_primary":true,"text":[{"text":"        receiver","highlight_start":9,"highlight_end":17},{"text":"            .await","highlight_start":1,"highlight_end":19}],"label":"cannot infer type","suggested_replacement":null,"suggestion_applicability":null,"expansion":null}],"children":[],"rendered":"\u001b[1m\u001b[91merror[E0282]\u001b[0m\u001b[1m\u001b[97m: type annotations needed\u001b[0m\n   \u001b[1m\u001b[96m--> \u001b[0msrc\\backend\\indexeddb.rs:158:9\n    \u001b[1m\u001b[96m|\u001b[0m\n\u001b[1m\u001b[96m158\u001b[0m \u001b[1m\u001b[96m|\u001b[0m \u001b[1m\u001b[91m/\u001b[0m         receiver\n\u001b[1m\u001b[96m159\u001b[0m \u001b[1m\u001b[96m|\u001b[0m \u001b[1m\u001b[91m|\u001b[0m             .await\n    \u001b[1m\u001b[96m|\u001b[0m \u001b[1m\u001b[91m|__________________^\u001b[0m \u001b[1m\u001b[91mcannot infer type\u001b[0m\n\n"}
{"$message_type":"diagnostic","message":"type annotations needed","code":{"code":"E0282","explanation":"The compiler could not infer a type and asked for a type annotation.\n\nErroneous code example:\n\n```compile_fail,E0282\nlet x = Vec::new();\n```\n\nThis error indicates that type inference did not result in one unique possible\ntype, and extra information is required. In most cases this can be provided\nby adding a type annotation. Sometimes you need to specify a generic type\nparameter manually.\n\nIn the example above, type `Vec` has a type parameter `T`. When calling\n`Vec::new`, barring any other later usage of the variable `x` that allows the\ncompiler to infer what type `T` is, the compiler needs to be told what it is.\n\nThe type can be specified on the variable:\n\n```\nlet x: Vec<i32> = Vec::new();\n```\n\nThe type can also be specified in the path of the expression:\n\n```\nlet x = Vec::<i32>::new();\n```\n\nIn cases with more complex types, it is not necessary to annotate the full\ntype. Once the ambiguity is resolved, the compiler can infer the rest:\n\n```\nlet x: Vec<_> = \"hello\".chars().rev().collect();\n```\n\nAnother way to provide the compiler with enough information, is to specify the\ngeneric type parameter:\n\n```\nlet x = \"hello\".chars().rev().collect::<Vec<char>>();\n```\n\nAgain, you need not specify the full type if the compiler can infer it:\n\n```\nlet x = \"hello\".chars().rev().collect::<Vec<_>>();\n```\n\nApart from a method or function with a generic type parameter, this error can\noccur when a type parameter of a struct or trait cannot be inferred. In that\ncase it is not always possible to use a type annotation, because all candidates\nhave the same return type. For instance:\n\n```compile_fail,E0282\nstruct Foo<T> {\n    num: T,\n}\n\nimpl<T> Foo<T> {\n    fn bar() -> i32 {\n        0\n    }\n\n    fn baz() {\n        let number = Foo::bar();\n    }\n}\n```\n\nThis will fail because the compiler does not know which instance of `Foo` to\ncall `bar` on. Change `Foo::bar()` to `Foo::<T>::bar()` to resolve the error.\n"},"level":"error","spans":[{"file_name":"src\\backend\\opfs.rs","byte_start":2850,"byte_end":2854,"line_start":76,"line_end":76,"column_start":20,"column_end":24,"is_primary":false,"text":[{"text":"        let size = file.size() as u64;","highlight_start":20,"highlight_end":24}],"label":"type must be known at this point","suggested_replacement":null,"suggestion_applicability":null,"expansion":null},{"file_name":"src\\backend\\opfs.rs","byte_start":2786,"byte_end":2790,"line_start":75,"line_end":75,"column_start":13,"column_end":17,"is_primary":true,"text":[{"text":"        let file = Self::get_file(&file_handle).await?;","highlight_start":13,"highlight_end":17}],"label":null,"suggested_replacement":null,"suggestion_applicability":null,"expansion":null}],"children":[{"message":"consider giving `file` an explicit type","code":null,"level":"help","spans":[{"file_name":"src\\backend\\opfs.rs","byte_start":2790,"byte_end":2790,"line_start":75,"line_end":75,"column_start":17,"column_end":17,"is_primary":true,"text":[{"text":"        let file = Self::get_file(&file_handle).await?;","highlight_start":17,"highlight_end":17}],"label":null,"suggested_replacement":": /* Type */","suggestion_applicability":"HasPlaceholders","expansion":null}],"children":[],"rendered":null}],"rendered":"\u001b[1m\u001b[91merror[E0282]\u001b[0m\u001b[1m\u001b[97m: type annotations needed\u001b[0m\n  \u001b[1m\u001b[96m--> \u001b[0msrc\\backend\\opfs.rs:75:13\n   \u001b[1m\u001b[96m|\u001b[0m\n\u001b[1m\u001b[96m75\u001b[0m \u001b[1m\u001b[96m|\u001b[0m         let file = Self::get_file(&file_han\u001b[1m\u001b[96m...\u001b[0m\n   \u001b[1m\u001b[96m|\u001b[0m             \u001b[1m\u001b[91m^^^^\u001b[0m\n\u001b[1m\u001b[96m76\u001b[0m \u001b[1m\u001b[96m|\u001b[0m         let size = file.size() as u64;\n   \u001b[1m\u001b[96m|\u001b[0m                    \u001b[1m\u001b[96m----\u001b[0m \u001b[1m\u001b[96mtype must be known at this point\u001b[0m\n   \u001b[1m\u001b[96m|\u001b[0m\n\u001b[1m\u001b[96mhelp\u001b[0m: consider giving `file` an explicit type\n   \u001b[1m\u001b[96m|\u001b[0m\n\u001b[1m\u001b[96m75\u001b[0m \u001b[1m\u001b[96m| \u001b[0m        let file\u001b[92m: /* Type */\u001b[0m = Self::get_file(&file_handle).await?;\n   \u001b[1m\u001b[96m|\u001b[0m                 \u001b[92m++++++++++++\u001b[0m\n\n"}
{"$message_type":"diagnostic","message":"no method named `map_err` found for struct `Promise` in the current scope","code":{"code":"E0599","explanation":"This error occurs when a method is used on a type which doesn't implement it:\n\nErroneous code example:\n\n```compile_fail,E0599\nstruct Mouth;\n\nlet x = Mouth;\nx.chocolate(); // error: no method named `chocolate` found for type `Mouth`\n               //        in the current scope\n```\n\nIn this case, you need to implement the `chocolate` method to fix the error:\n\n```\nstruct Mouth;\n\nimpl Mouth {\n    fn chocolate(&self) { // We implement the `chocolate` method here.\n        println!(\"Hmmm! I love chocolate!\");\n    }\n}\n\nlet x = Mouth;\nx.chocolate(); // ok!\n```\n"},"level":"error","spans":[{"file_name":"src\\backend\\opfs.rs","byte_start":4561,"byte_end":4646,"line_start":120,"line_end":122,"column_start":23,"column_end":14,"is_primary":false,"text":[{"text":"        let promise = parent","highlight_start":23,"highlight_end":29},{"text":"            .get_directory_handle_with_options(name, &options)","highlight_start":1,"highlight_end":63},{"text":"            .map_err(|e| WasmError::Opfs(format!(\"Failed to get directory: {:?}\", e)))?;","highlight_start":1,"highlight_end":14}],"label":"","suggested_replacement":null,"suggestion_applicability":null,"expansion":null},{"file_name":"src\\backend\\opfs.rs","byte_start":4646,"byte_end":4653,"line_start":122,"line_end":122,"column_start":14,"column_end":21,"is_primary":true,"text":[{"text":"            .map_err(|e| WasmError::Opfs(format!(\"Failed to get directory: {:?}\", e)))?;","highlight_start":14,"highlight_end":21}],"label":"method not found in `Promise`","suggested_replacement":null,"suggestion_applicability":null,"expansion":null}],"children":[],"rendered":"\u001b[1m\u001b[91merror[E0599]\u001b[0m\u001b[1m\u001b[97m: no method named `map_err` found for struct `Promise` in the current scope\u001b[0m\n   \u001b[1m\u001b[96m--> \u001b[0msrc\\backend\\opfs.rs:122:14\n    \u001b[1m\u001b[96m|\u001b[0m\n\u001b[1m\u001b[96m120\u001b[0m \u001b[1m\u001b[96m|\u001b[0m           let promise = parent\n    \u001b[1m\u001b[96m|\u001b[0m \u001b[1m\u001b[96m _______________________-\u001b[0m\n\u001b[1m\u001b[96m121\u001b[0m \u001b[1m\u001b[96m|\u001b[0m \u001b[1m\u001b[96m|\u001b[0m             .get_directory_handle_with_o\u001b[1m\u001b[96m...\u001b[0m\n\u001b[1m\u001b[96m122\u001b[0m \u001b[1m\u001b[96m|\u001b[0m \u001b[1m\u001b[96m|\u001b[0m             .map_err(|e| WasmError::Opfs\u001b[1m\u001b[96m...\u001b[0m\n    \u001b[1m\u001b[96m|\u001b[0m \u001b[1m\u001b[96m|\u001b[0m             \u001b[1m\u001b[96m-\u001b[0m\u001b[1m\u001b[91m^^^^^^^\u001b[0m \u001b[1m\u001b[91mmethod not found in `Promise`\u001b[0m\n    \u001b[1m\u001b[96m|\u001b[0m \u001b[1m\u001b[96m|_____________|\u001b[0m\n    \u001b[1m\u001b[96m|\u001b[0m\n\n"}
{"$message_type":"diagnostic","message":"no method named `map_err` found for struct `Promise` in the current scope","code":{"code":"E0599","explanation":"This error occurs when a method is used on a type which doesn't implement it:\n\nErroneous code example:\n\n```compile_fail,E0599\nstruct Mouth;\n\nlet x = Mouth;\nx.chocolate(); // error: no method named `chocolate` found for type `Mouth`\n               //        in the current scope\n```\n\nIn this case, you need to implement the `chocolate` method to fix the error:\n\n```\nstruct Mouth;\n\nimpl Mouth {\n    fn chocolate(&self) { // We implement the `chocolate` method here.\n        println!(\"Hmmm! I love chocolate!\");\n    }\n}\n\nlet x = Mouth;\nx.chocolate(); // ok!\n```\n"},"level":"error","spans":[{"file_name":"src\\backend\\opfs.rs","byte_start":5333,"byte_end":5413,"line_start":141,"line_end":143,"column_start":23,"column_end":14,"is_primary":false,"text":[{"text":"        let promise = parent","highlight_start":23,"highlight_end":29},{"text":"            .get_file_handle_with_options(name, &options)","highlight_start":1,"highlight_end":58},{"text":"            .map_err(|e| WasmError::Opfs(format!(\"Failed to get file: {:?}\", e)))?;","highlight_start":1,"highlight_end":14}],"label":"","suggested_replacement":null,"suggestion_applicability":null,"expansion":null},{"file_name":"src\\backend\\opfs.rs","byte_start":5413,"byte_end":5420,"line_start":143,"line_end":143,"column_start":14,"column_end":21,"is_primary":true,"text":[{"text":"            .map_err(|e| WasmError::Opfs(format!(\"Failed to get file: {:?}\", e)))?;","highlight_start":14,"highlight_end":21}],"label":"method not found in `Promise`","suggested_replacement":null,"suggestion_applicability":null,"expansion":null}],"children":[],"rendered":"\u001b[1m\u001b[91merror[E0599]\u001b[0m\u001b[1m\u001b[97m: no method named `map_err` found for struct `Promise` in the current scope\u001b[0m\n   \u001b[1m\u001b[96m--> \u001b[0msrc\\backend\\opfs.rs:143:14\n    \u001b[1m\u001b[96m|\u001b[0m\n\u001b[1m\u001b[96m141\u001b[0m \u001b[1m\u001b[96m|\u001b[0m           let promise = parent\n    \u001b[1m\u001b[96m|\u001b[0m \u001b[1m\u001b[96m _______________________-\u001b[0m\n\u001b[1m\u001b[96m142\u001b[0m \u001b[1m\u001b[96m|\u001b[0m \u001b[1m\u001b[96m|\u001b[0m             .get_file_handle_with_option\u001b[1m\u001b[96m...\u001b[0m\n\u001b[1m\u001b[96m143\u001b[0m \u001b[1m\u001b[96m|\u001b[0m \u001b[1m\u001b[96m|\u001b[0m             .map_err(|e| WasmError::Opfs\u001b[1m\u001b[96m...\u001b[0m\n    \u001b[1m\u001b[96m|\u001b[0m \u001b[1m\u001b[96m|\u001b[0m             \u001b[1m\u001b[96m-\u001b[0m\u001b[1m\u001b[91m^^^^^^^\u001b[0m \u001b[1m\u001b[91mmethod not found in `Promise`\u001b[0m\n    \u001b[1m\u001b[96m|\u001b[0m \u001b[1m\u001b[96m|_____________|\u001b[0m\n    \u001b[1m\u001b[96m|\u001b[0m\n\n"}
{"$message_type":"diagnostic","message":"no method named `map_err` found for struct `Promise` in the current scope","code":{"code":"E0599","explanation":"This error occurs when a method is used on a type which doesn't implement it:\n\nErroneous code example:\n\n```compile_fail,E0599\nstruct Mouth;\n\nlet x = Mouth;\nx.chocolate(); // error: no method named `chocolate` found for type `Mouth`\n               //        in the current scope\n```\n\nIn this case, you need to implement the `chocolate` method to fix the error:\n\n```\nstruct Mouth;\n\nimpl Mouth {\n    fn chocolate(&self) { // We implement the `chocolate` method here.\n        println!(\"Hmmm! I love chocolate!\");\n    }\n}\n\nlet x = Mouth;\nx.chocolate(); // ok!\n```\n"},"level":"error","spans":[{"file_name":"src\\backend\\opfs.rs","byte_start":5942,"byte_end":5988,"line_start":156,"line_end":158,"column_start":23,"column_end":14,"is_primary":false,"text":[{"text":"        let promise = handle","highlight_start":23,"highlight_end":29},{"text":"            .get_file()","highlight_start":1,"highlight_end":24},{"text":"            .map_err(|e| WasmError::Opfs(format!(\"Failed to get file: {:?}\", e)))?;","highlight_start":1,"highlight_end":14}],"label":"","suggested_replacement":null,"suggestion_applicability":null,"expansion":null},{"file_name":"src\\backend\\opfs.rs","byte_start":5988,"byte_end":5995,"line_start":158,"line_end":158,"column_start":14,"column_end":21,"is_primary":true,"text":[{"text":"            .map_err(|e| WasmError::Opfs(format!(\"Failed to get file: {:?}\", e)))?;","highlight_start":14,"highlight_end":21}],"label":"method not found in `Promise`","suggested_replacement":null,"suggestion_applicability":null,"expansion":null}],"children":[],"rendered":"\u001b[1m\u001b[91merror[E0599]\u001b[0m\u001b[1m\u001b[97m: no method named `map_err` found for struct `Promise` in the current scope\u001b[0m\n   \u001b[1m\u001b[96m--> \u001b[0msrc\\backend\\opfs.rs:158:14\n    \u001b[1m\u001b[96m|\u001b[0m\n\u001b[1m\u001b[96m156\u001b[0m \u001b[1m\u001b[96m|\u001b[0m           let promise = handle\n    \u001b[1m\u001b[96m|\u001b[0m \u001b[1m\u001b[96m _______________________-\u001b[0m\n\u001b[1m\u001b[96m157\u001b[0m \u001b[1m\u001b[96m|\u001b[0m \u001b[1m\u001b[96m|\u001b[0m             .get_file()\n\u001b[1m\u001b[96m158\u001b[0m \u001b[1m\u001b[96m|\u001b[0m \u001b[1m\u001b[96m|\u001b[0m             .map_err(|e| WasmError::Opfs\u001b[1m\u001b[96m...\u001b[0m\n    \u001b[1m\u001b[96m|\u001b[0m \u001b[1m\u001b[96m|\u001b[0m             \u001b[1m\u001b[96m-\u001b[0m\u001b[1m\u001b[91m^^^^^^^\u001b[0m \u001b[1m\u001b[91mmethod not found in `Promise`\u001b[0m\n    \u001b[1m\u001b[96m|\u001b[0m \u001b[1m\u001b[96m|_____________|\u001b[0m\n    \u001b[1m\u001b[96m|\u001b[0m\n\n"}
{"$message_type":"diagnostic","message":"type annotations needed","code":{"code":"E0282","explanation":"The compiler could not infer a type and asked for a type annotation.\n\nErroneous code example:\n\n```compile_fail,E0282\nlet x = Vec::new();\n```\n\nThis error indicates that type inference did not result in one unique possible\ntype, and extra information is required. In most cases this can be provided\nby adding a type annotation. Sometimes you need to specify a generic type\nparameter manually.\n\nIn the example above, type `Vec` has a type parameter `T`. When calling\n`Vec::new`, barring any other later usage of the variable `x` that allows the\ncompiler to infer what type `T` is, the compiler needs to be told what it is.\n\nThe type can be specified on the variable:\n\n```\nlet x: Vec<i32> = Vec::new();\n```\n\nThe type can also be specified in the path of the expression:\n\n```\nlet x = Vec::<i32>::new();\n```\n\nIn cases with more complex types, it is not necessary to annotate the full\ntype. Once the ambiguity is resolved, the compiler can infer the rest:\n\n```\nlet x: Vec<_> = \"hello\".chars().rev().collect();\n```\n\nAnother way to provide the compiler with enough information, is to specify the\ngeneric type parameter:\n\n```\nlet x = \"hello\".chars().rev().collect::<Vec<char>>();\n```\n\nAgain, you need not specify the full type if the compiler can infer it:\n\n```\nlet x = \"hello\".chars().rev().collect::<Vec<_>>();\n```\n\nApart from a method or function with a generic type parameter, this error can\noccur when a type parameter of a struct or trait cannot be inferred. In that\ncase it is not always possible to use a type annotation, because all candidates\nhave the same return type. For instance:\n\n```compile_fail,E0282\nstruct Foo<T> {\n    num: T,\n}\n\nimpl<T> Foo<T> {\n    fn bar() -> i32 {\n        0\n    }\n\n    fn baz() {\n        let number = Foo::bar();\n    }\n}\n```\n\nThis will fail because the compiler does not know which instance of `Foo` to\ncall `bar` on. Change `Foo::bar()` to `Foo::<T>::bar()` to resolve the error.\n"},"level":"error","spans":[{"file_name":"src\\backend\\opfs.rs","byte_start":6554,"byte_end":6558,"line_start":173,"line_end":173,"column_start":36,"column_end":40,"is_primary":false,"text":[{"text":"        let array_buffer_promise = file.array_buffer();","highlight_start":36,"highlight_end":40}],"label":"type must be known at this point","suggested_replacement":null,"suggestion_applicability":null,"expansion":null},{"file_name":"src\\backend\\opfs.rs","byte_start":6467,"byte_end":6471,"line_start":171,"line_end":171,"column_start":13,"column_end":17,"is_primary":true,"text":[{"text":"        let file = Self::get_file(&self.file_handle).await?;","highlight_start":13,"highlight_end":17}],"label":null,"suggested_replacement":null,"suggestion_applicability":null,"expansion":null}],"children":[{"message":"consider giving `file` an explicit type","code":null,"level":"help","spans":[{"file_name":"src\\backend\\opfs.rs","byte_start":6471,"byte_end":6471,"line_start":171,"line_end":171,"column_start":17,"column_end":17,"is_primary":true,"text":[{"text":"        let file = Self::get_file(&self.file_handle).await?;","highlight_start":17,"highlight_end":17}],"label":null,"suggested_replacement":": /* Type */","suggestion_applicability":"HasPlaceholders","expansion":null}],"children":[],"rendered":null}],"rendered":"\u001b[1m\u001b[91merror[E0282]\u001b[0m\u001b[1m\u001b[97m: type annotations needed\u001b[0m\n   \u001b[1m\u001b[96m--> \u001b[0msrc\\backend\\opfs.rs:171:13\n    \u001b[1m\u001b[96m|\u001b[0m\n\u001b[1m\u001b[96m171\u001b[0m \u001b[1m\u001b[96m|\u001b[0m \u001b[1m\u001b[96m...\u001b[0m let file = Self::get_file(&self.file_h\u001b[1m\u001b[96m...\u001b[0m\n    \u001b[1m\u001b[96m|\u001b[0m         \u001b[1m\u001b[91m^^^^\u001b[0m\n\u001b[1m\u001b[96m172\u001b[0m \u001b[1m\u001b[96m|\u001b[0m \u001b[1m\u001b[96m...\u001b[0m\n\u001b[1m\u001b[96m173\u001b[0m \u001b[1m\u001b[96m|\u001b[0m \u001b[1m\u001b[96m...\u001b[0m let array_buffer_promise = file.array_\u001b[1m\u001b[96m...\u001b[0m\n    \u001b[1m\u001b[96m|\u001b[0m                                \u001b[1m\u001b[96m----\u001b[0m \u001b[1m\u001b[96mtype must be known at this point\u001b[0m\n    \u001b[1m\u001b[96m|\u001b[0m\n\u001b[1m\u001b[96mhelp\u001b[0m: consider giving `file` an explicit type\n    \u001b[1m\u001b[96m|\u001b[0m\n\u001b[1m\u001b[96m171\u001b[0m \u001b[1m\u001b[96m| \u001b[0m        let file\u001b[92m: /* Type */\u001b[0m = Self::get_file(&self.file_handle).await?;\n    \u001b[1m\u001b[96m|\u001b[0m                 \u001b[92m++++++++++++\u001b[0m\n\n"}
{"$message_type":"diagnostic","message":"no method named `map_err` found for struct `Promise` in the current scope","code":{"code":"E0599","explanation":"This error occurs when a method is used on a type which doesn't implement it:\n\nErroneous code example:\n\n```compile_fail,E0599\nstruct Mouth;\n\nlet x = Mouth;\nx.chocolate(); // error: no method named `chocolate` found for type `Mouth`\n               //        in the current scope\n```\n\nIn this case, you need to implement the `chocolate` method to fix the error:\n\n```\nstruct Mouth;\n\nimpl Mouth {\n    fn chocolate(&self) { // We implement the `chocolate` method here.\n        println!(\"Hmmm! I love chocolate!\");\n    }\n}\n\nlet x = Mouth;\nx.chocolate(); // ok!\n```\n"},"level":"error","spans":[{"file_name":"src\\backend\\opfs.rs","byte_start":7188,"byte_end":7286,"line_start":190,"line_end":193,"column_start":23,"column_end":14,"is_primary":false,"text":[{"text":"        let promise = self","highlight_start":23,"highlight_end":27},{"text":"            .file_handle","highlight_start":1,"highlight_end":25},{"text":"            .create_writable_with_options(&options)","highlight_start":1,"highlight_end":52},{"text":"            .map_err(|e| WasmError::Opfs(format!(\"Failed to create writable: {:?}\", e)))?;","highlight_start":1,"highlight_end":14}],"label":"","suggested_replacement":null,"suggestion_applicability":null,"expansion":null},{"file_name":"src\\backend\\opfs.rs","byte_start":7286,"byte_end":7293,"line_start":193,"line_end":193,"column_start":14,"column_end":21,"is_primary":true,"text":[{"text":"            .map_err(|e| WasmError::Opfs(format!(\"Failed to create writable: {:?}\", e)))?;","highlight_start":14,"highlight_end":21}],"label":"method not found in `Promise`","suggested_replacement":null,"suggestion_applicability":null,"expansion":null}],"children":[],"rendered":"\u001b[1m\u001b[91merror[E0599]\u001b[0m\u001b[1m\u001b[97m: no method named `map_err` found for struct `Promise` in the current scope\u001b[0m\n   \u001b[1m\u001b[96m--> \u001b[0msrc\\backend\\opfs.rs:193:14\n    \u001b[1m\u001b[96m|\u001b[0m\n\u001b[1m\u001b[96m190\u001b[0m \u001b[1m\u001b[96m|\u001b[0m           let promise = self\n    \u001b[1m\u001b[96m|\u001b[0m \u001b[1m\u001b[96m _______________________-\u001b[0m\n\u001b[1m\u001b[96m191\u001b[0m \u001b[1m\u001b[96m|\u001b[0m \u001b[1m\u001b[96m|\u001b[0m             .file_handle\n\u001b[1m\u001b[96m192\u001b[0m \u001b[1m\u001b[96m|\u001b[0m \u001b[1m\u001b[96m|\u001b[0m             .create_writable_with_option\u001b[1m\u001b[96m...\u001b[0m\n\u001b[1m\u001b[96m193\u001b[0m \u001b[1m\u001b[96m|\u001b[0m \u001b[1m\u001b[96m|\u001b[0m             .map_err(|e| WasmError::Opfs\u001b[1m\u001b[96m...\u001b[0m\n    \u001b[1m\u001b[96m|\u001b[0m \u001b[1m\u001b[96m|\u001b[0m             \u001b[1m\u001b[96m-\u001b[0m\u001b[1m\u001b[91m^^^^^^^\u001b[0m \u001b[1m\u001b[91mmethod not found in `Promise`\u001b[0m\n    \u001b[1m\u001b[96m|\u001b[0m \u001b[1m\u001b[96m|_____________|\u001b[0m\n    \u001b[1m\u001b[96m|\u001b[0m\n\n"}
{"$message_type":"diagnostic","message":"no method named `map_err` found for struct `Promise` in the current scope","code":{"code":"E0599","explanation":"This error occurs when a method is used on a type which doesn't implement it:\n\nErroneous code example:\n\n```compile_fail,E0599\nstruct Mouth;\n\nlet x = Mouth;\nx.chocolate(); // error: no method named `chocolate` found for type `Mouth`\n               //        in the current scope\n```\n\nIn this case, you need to implement the `chocolate` method to fix the error:\n\n```\nstruct Mouth;\n\nimpl Mouth {\n    fn chocolate(&self) { // We implement the `chocolate` method here.\n        println!(\"Hmmm! I love chocolate!\");\n    }\n}\n\nlet x = Mouth;\nx.chocolate(); // ok!\n```\n"},"level":"error","spans":[{"file_name":"src\\backend\\opfs.rs","byte_start":8446,"byte_end":8491,"line_start":219,"line_end":221,"column_start":29,"column_end":14,"is_primary":false,"text":[{"text":"        let close_promise = writable","highlight_start":29,"highlight_end":37},{"text":"            .close()","highlight_start":1,"highlight_end":21},{"text":"            .map_err(|e| WasmError::Opfs(format!(\"Failed to close: {:?}\", e)))?;","highlight_start":1,"highlight_end":14}],"label":"","suggested_replacement":null,"suggestion_applicability":null,"expansion":null},{"file_name":"src\\backend\\opfs.rs","byte_start":8491,"byte_end":8498,"line_start":221,"line_end":221,"column_start":14,"column_end":21,"is_primary":true,"text":[{"text":"            .map_err(|e| WasmError::Opfs(format!(\"Failed to close: {:?}\", e)))?;","highlight_start":14,"highlight_end":21}],"label":"method not found in `Promise`","suggested_replacement":null,"suggestion_applicability":null,"expansion":null}],"children":[],"rendered":"\u001b[1m\u001b[91merror[E0599]\u001b[0m\u001b[1m\u001b[97m: no method named `map_err` found for struct `Promise` in the current scope\u001b[0m\n   \u001b[1m\u001b[96m--> \u001b[0msrc\\backend\\opfs.rs:221:14\n    \u001b[1m\u001b[96m|\u001b[0m\n\u001b[1m\u001b[96m219\u001b[0m \u001b[1m\u001b[96m|\u001b[0m           let close_promise = writable\n    \u001b[1m\u001b[96m|\u001b[0m \u001b[1m\u001b[96m _____________________________-\u001b[0m\n\u001b[1m\u001b[96m220\u001b[0m \u001b[1m\u001b[96m|\u001b[0m \u001b[1m\u001b[96m|\u001b[0m             .close()\n\u001b[1m\u001b[96m221\u001b[0m \u001b[1m\u001b[96m|\u001b[0m \u001b[1m\u001b[96m|\u001b[0m             .map_err(|e| WasmError::Opfs\u001b[1m\u001b[96m...\u001b[0m\n    \u001b[1m\u001b[96m|\u001b[0m \u001b[1m\u001b[96m|\u001b[0m             \u001b[1m\u001b[96m-\u001b[0m\u001b[1m\u001b[91m^^^^^^^\u001b[0m \u001b[1m\u001b[91mmethod not found in `Promise`\u001b[0m\n    \u001b[1m\u001b[96m|\u001b[0m \u001b[1m\u001b[96m|_____________|\u001b[0m\n    \u001b[1m\u001b[96m|\u001b[0m\n\n"}
{"$message_type":"diagnostic","message":"type annotations needed","code":{"code":"E0282","explanation":"The compiler could not infer a type and asked for a type annotation.\n\nErroneous code example:\n\n```compile_fail,E0282\nlet x = Vec::new();\n```\n\nThis error indicates that type inference did not result in one unique possible\ntype, and extra information is required. In most cases this can be provided\nby adding a type annotation. Sometimes you need to specify a generic type\nparameter manually.\n\nIn the example above, type `Vec` has a type parameter `T`. When calling\n`Vec::new`, barring any other later usage of the variable `x` that allows the\ncompiler to infer what type `T` is, the compiler needs to be told what it is.\n\nThe type can be specified on the variable:\n\n```\nlet x: Vec<i32> = Vec::new();\n```\n\nThe type can also be specified in the path of the expression:\n\n```\nlet x = Vec::<i32>::new();\n```\n\nIn cases with more complex types, it is not necessary to annotate the full\ntype. Once the ambiguity is resolved, the compiler can infer the rest:\n\n```\nlet x: Vec<_> = \"hello\".chars().rev().collect();\n```\n\nAnother way to provide the compiler with enough information, is to specify the\ngeneric type parameter:\n\n```\nlet x = \"hello\".chars().rev().collect::<Vec<char>>();\n```\n\nAgain, you need not specify the full type if the compiler can infer it:\n\n```\nlet x = \"hello\".chars().rev().collect::<Vec<_>>();\n```\n\nApart from a method or function with a generic type parameter, this error can\noccur when a type parameter of a struct or trait cannot be inferred. In that\ncase it is not always possible to use a type annotation, because all candidates\nhave the same return type. For instance:\n\n```compile_fail,E0282\nstruct Foo<T> {\n    num: T,\n}\n\nimpl<T> Foo<T> {\n    fn bar() -> i32 {\n        0\n    }\n\n    fn baz() {\n        let number = Foo::bar();\n    }\n}\n```\n\nThis will fail because the compiler does not know which instance of `Foo` to\ncall `bar` on. Change `Foo::bar()` to `Foo::<T>::bar()` to resolve the error.\n"},"level":"error","spans":[{"file_name":"src\\backend\\opfs.rs","byte_start":9047,"byte_end":9051,"line_start":235,"line_end":235,"column_start":25,"column_end":29,"is_primary":false,"text":[{"text":"        let file_size = file.size() as u64;","highlight_start":25,"highlight_end":29}],"label":"type must be known at this point","suggested_replacement":null,"suggestion_applicability":null,"expansion":null},{"file_name":"src\\backend\\opfs.rs","byte_start":8973,"byte_end":8977,"line_start":234,"line_end":234,"column_start":13,"column_end":17,"is_primary":true,"text":[{"text":"        let file = Self::get_file(&self.file_handle).await?;","highlight_start":13,"highlight_end":17}],"label":null,"suggested_replacement":null,"suggestion_applicability":null,"expansion":null}],"children":[{"message":"consider giving `file` an explicit type","code":null,"level":"help","spans":[{"file_name":"src\\backend\\opfs.rs","byte_start":8977,"byte_end":8977,"line_start":234,"line_end":234,"column_start":17,"column_end":17,"is_primary":true,"text":[{"text":"        let file = Self::get_file(&self.file_handle).await?;","highlight_start":17,"highlight_end":17}],"label":null,"suggested_replacement":": /* Type */","suggestion_applicability":"HasPlaceholders","expansion":null}],"children":[],"rendered":null}],"rendered":"\u001b[1m\u001b[91merror[E0282]\u001b[0m\u001b[1m\u001b[97m: type annotations needed\u001b[0m\n   \u001b[1m\u001b[96m--> \u001b[0msrc\\backend\\opfs.rs:234:13\n    \u001b[1m\u001b[96m|\u001b[0m\n\u001b[1m\u001b[96m234\u001b[0m \u001b[1m\u001b[96m|\u001b[0m         let file = Self::get_file(&self.fi\u001b[1m\u001b[96m...\u001b[0m\n    \u001b[1m\u001b[96m|\u001b[0m             \u001b[1m\u001b[91m^^^^\u001b[0m\n\u001b[1m\u001b[96m235\u001b[0m \u001b[1m\u001b[96m|\u001b[0m         let file_size = file.size() as u64;\n    \u001b[1m\u001b[96m|\u001b[0m                         \u001b[1m\u001b[96m----\u001b[0m \u001b[1m\u001b[96mtype must be known at this point\u001b[0m\n    \u001b[1m\u001b[96m|\u001b[0m\n\u001b[1m\u001b[96mhelp\u001b[0m: consider giving `file` an explicit type\n    \u001b[1m\u001b[96m|\u001b[0m\n\u001b[1m\u001b[96m234\u001b[0m \u001b[1m\u001b[96m| \u001b[0m        let file\u001b[92m: /* Type */\u001b[0m = Self::get_file(&self.file_handle).await?;\n    \u001b[1m\u001b[96m|\u001b[0m                 \u001b[92m++++++++++++\u001b[0m\n\n"}
{"$message_type":"diagnostic","message":"no method named `map_err` found for struct `Promise` in the current scope","code":{"code":"E0599","explanation":"This error occurs when a method is used on a type which doesn't implement it:\n\nErroneous code example:\n\n```compile_fail,E0599\nstruct Mouth;\n\nlet x = Mouth;\nx.chocolate(); // error: no method named `chocolate` found for type `Mouth`\n               //        in the current scope\n```\n\nIn this case, you need to implement the `chocolate` method to fix the error:\n\n```\nstruct Mouth;\n\nimpl Mouth {\n    fn chocolate(&self) { // We implement the `chocolate` method here.\n        println!(\"Hmmm! I love chocolate!\");\n    }\n}\n\nlet x = Mouth;\nx.chocolate(); // ok!\n```\n"},"level":"error","spans":[{"file_name":"src\\backend\\opfs.rs","byte_start":10411,"byte_end":10516,"line_start":274,"line_end":277,"column_start":23,"column_end":14,"is_primary":false,"text":[{"text":"        let promise = self","highlight_start":23,"highlight_end":27},{"text":"            .dir_handle","highlight_start":1,"highlight_end":24},{"text":"            .remove_entry(self.file_handle.name().as_str())","highlight_start":1,"highlight_end":60},{"text":"            .map_err(|e| WasmError::Opfs(format!(\"Failed to delete: {:?}\", e)))?;","highlight_start":1,"highlight_end":14}],"label":"","suggested_replacement":null,"suggestion_applicability":null,"expansion":null},{"file_name":"src\\backend\\opfs.rs","byte_start":10516,"byte_end":10523,"line_start":277,"line_end":277,"column_start":14,"column_end":21,"is_primary":true,"text":[{"text":"            .map_err(|e| WasmError::Opfs(format!(\"Failed to delete: {:?}\", e)))?;","highlight_start":14,"highlight_end":21}],"label":"method not found in `Promise`","suggested_replacement":null,"suggestion_applicability":null,"expansion":null}],"children":[],"rendered":"\u001b[1m\u001b[91merror[E0599]\u001b[0m\u001b[1m\u001b[97m: no method named `map_err` found for struct `Promise` in the current scope\u001b[0m\n   \u001b[1m\u001b[96m--> \u001b[0msrc\\backend\\opfs.rs:277:14\n    \u001b[1m\u001b[96m|\u001b[0m\n\u001b[1m\u001b[96m274\u001b[0m \u001b[1m\u001b[96m|\u001b[0m           let promise = self\n    \u001b[1m\u001b[96m|\u001b[0m \u001b[1m\u001b[96m _______________________-\u001b[0m\n\u001b[1m\u001b[96m275\u001b[0m \u001b[1m\u001b[96m|\u001b[0m \u001b[1m\u001b[96m|\u001b[0m             .dir_handle\n\u001b[1m\u001b[96m276\u001b[0m \u001b[1m\u001b[96m|\u001b[0m \u001b[1m\u001b[96m|\u001b[0m             .remove_entry(self.file_hand\u001b[1m\u001b[96m...\u001b[0m\n\u001b[1m\u001b[96m277\u001b[0m \u001b[1m\u001b[96m|\u001b[0m \u001b[1m\u001b[96m|\u001b[0m             .map_err(|e| WasmError::Opfs\u001b[1m\u001b[96m...\u001b[0m\n    \u001b[1m\u001b[96m|\u001b[0m \u001b[1m\u001b[96m|\u001b[0m             \u001b[1m\u001b[96m-\u001b[0m\u001b[1m\u001b[91m^^^^^^^\u001b[0m \u001b[1m\u001b[91mmethod not found in `Promise`\u001b[0m\n    \u001b[1m\u001b[96m|\u001b[0m \u001b[1m\u001b[96m|_____________|\u001b[0m\n    \u001b[1m\u001b[96m|\u001b[0m\n\n"}
{"$message_type":"diagnostic","message":"no variant named `OffsetOutOfBounds` found for enum `StorageError`","code":{"code":"E0599","explanation":"This error occurs when a method is used on a type which doesn't implement it:\n\nErroneous code example:\n\n```compile_fail,E0599\nstruct Mouth;\n\nlet x = Mouth;\nx.chocolate(); // error: no method named `chocolate` found for type `Mouth`\n               //        in the current scope\n```\n\nIn this case, you need to implement the `chocolate` method to fix the error:\n\n```\nstruct Mouth;\n\nimpl Mouth {\n    fn chocolate(&self) { // We implement the `chocolate` method here.\n        println!(\"Hmmm! I love chocolate!\");\n    }\n}\n\nlet x = Mouth;\nx.chocolate(); // ok!\n```\n"},"level":"error","spans":[{"file_name":"src\\backend\\memory.rs","byte_start":1449,"byte_end":1466,"line_start":50,"line_end":50,"column_start":38,"column_end":55,"is_primary":true,"text":[{"text":"            return Err(StorageError::OffsetOutOfBounds {","highlight_start":38,"highlight_end":55}],"label":"variant not found in `StorageError`","suggested_replacement":null,"suggestion_applicability":null,"expansion":null}],"children":[],"rendered":"\u001b[1m\u001b[91merror[E0599]\u001b[0m\u001b[1m\u001b[97m: no variant named `OffsetOutOfBounds` found for enum `StorageError`\u001b[0m\n  \u001b[1m\u001b[96m--> \u001b[0msrc\\backend\\memory.rs:50:38\n   \u001b[1m\u001b[96m|\u001b[0m\n\u001b[1m\u001b[96m50\u001b[0m \u001b[1m\u001b[96m|\u001b[0m \u001b[1m\u001b[96m...\u001b[0mgeError::OffsetOutOfBounds {\n   \u001b[1m\u001b[96m|\u001b[0m             \u001b[1m\u001b[91m^^^^^^^^^^^^^^^^^\u001b[0m \u001b[1m\u001b[91mvariant not found in `StorageError`\u001b[0m\n\n"}
{"$message_type":"diagnostic","message":"no function or associated item named `open_with_backend` found for struct `entidb_core::Database` in the current scope","code":{"code":"E0599","explanation":"This error occurs when a method is used on a type which doesn't implement it:\n\nErroneous code example:\n\n```compile_fail,E0599\nstruct Mouth;\n\nlet x = Mouth;\nx.chocolate(); // error: no method named `chocolate` found for type `Mouth`\n               //        in the current scope\n```\n\nIn this case, you need to implement the `chocolate` method to fix the error:\n\n```\nstruct Mouth;\n\nimpl Mouth {\n    fn chocolate(&self) { // We implement the `chocolate` method here.\n        println!(\"Hmmm! I love chocolate!\");\n    }\n}\n\nlet x = Mouth;\nx.chocolate(); // ok!\n```\n"},"level":"error","spans":[{"file_name":"src\\database.rs","byte_start":1542,"byte_end":1559,"line_start":49,"line_end":49,"column_start":32,"column_end":49,"is_primary":true,"text":[{"text":"        let db = CoreDatabase::open_with_backend(config, backend)","highlight_start":32,"highlight_end":49}],"label":"function or associated item not found in `entidb_core::Database`","suggested_replacement":null,"suggestion_applicability":null,"expansion":null}],"children":[{"message":"if you're trying to build a new `entidb_core::Database` consider using one of the following associated functions:\nentidb_core::Database::open_with_backends\nentidb_core::Database::open_in_memory","code":null,"level":"note","spans":[{"file_name":"D:\\rust\\entidb\\crates\\entidb_core\\src\\database.rs","byte_start":1816,"byte_end":1988,"line_start":64,"line_end":68,"column_start":5,"column_end":26,"is_primary":true,"text":[{"text":"    pub fn open_with_backends(","highlight_start":5,"highlight_end":31},{"text":"        config: Config,","highlight_start":1,"highlight_end":24},{"text":"        wal_backend: Box<dyn StorageBackend>,","highlight_start":1,"highlight_end":46},{"text":"        segment_backend: Box<dyn StorageBackend>,","highlight_start":1,"highlight_end":50},{"text":"    ) -> CoreResult<Self> {","highlight_start":1,"highlight_end":26}],"label":null,"suggested_replacement":null,"suggestion_applicability":null,"expansion":null},{"file_name":"D:\\rust\\entidb\\crates\\entidb_core\\src\\database.rs","byte_start":2928,"byte_end":2971,"line_start":100,"line_end":100,"column_start":5,"column_end":48,"is_primary":true,"text":[{"text":"    pub fn open_in_memory() -> CoreResult<Self> {","highlight_start":5,"highlight_end":48}],"label":null,"suggested_replacement":null,"suggestion_applicability":null,"expansion":null}],"children":[],"rendered":null},{"message":"there is an associated function `open_with_backends` with a similar name","code":null,"level":"help","spans":[{"file_name":"D:\\rust\\entidb\\crates\\entidb_core\\src\\database.rs","byte_start":1816,"byte_end":1988,"line_start":64,"line_end":68,"column_start":5,"column_end":26,"is_primary":true,"text":[{"text":"    pub fn open_with_backends(","highlight_start":5,"highlight_end":31},{"text":"        config: Config,","highlight_start":1,"highlight_end":24},{"text":"        wal_backend: Box<dyn StorageBackend>,","highlight_start":1,"highlight_end":46},{"text":"        segment_backend: Box<dyn StorageBackend>,","highlight_start":1,"highlight_end":50},{"text":"    ) -> CoreResult<Self> {","highlight_start":1,"highlight_end":26}],"label":null,"suggested_replacement":null,"suggestion_applicability":null,"expansion":null}],"children":[],"rendered":null}],"rendered":"\u001b[1m\u001b[91merror[E0599]\u001b[0m\u001b[1m\u001b[97m: no function or associated item named `open_with_backend` found for struct `entidb_core::Database` in the current scope\u001b[0m\n   \u001b[1m\u001b[96m--> \u001b[0msrc\\database.rs:49:32\n    \u001b[1m\u001b[96m|\u001b[0m\n \u001b[1m\u001b[96m49\u001b[0m \u001b[1m\u001b[96m|\u001b[0m \u001b[1m\u001b[96m...\u001b[0matabase::open_with_backend(config, back\u001b[1m\u001b[96m...\u001b[0m\n    \u001b[1m\u001b[96m|\u001b[0m             \u001b[1m\u001b[91m^^^^^^^^^^^^^^^^^\u001b[0m \u001b[1m\u001b[91mfunction or associated item not found in `entidb_core::Database`\u001b[0m\n    \u001b[1m\u001b[96m|\u001b[0m\n\u001b[1m\u001b[92mnote\u001b[0m: if you're trying to build a new `entidb_core::Database` consider using one of the following associated functions:\n      entidb_core::Database::open_with_backends\n      entidb_core::Database::open_in_memory\n   \u001b[1m\u001b[96m--> \u001b[0mD:\\rust\\entidb\\crates\\entidb_core\\src\\database.rs:64:5\n    \u001b[1m\u001b[96m|\u001b[0m\n \u001b[1m\u001b[96m64\u001b[0m \u001b[1m\u001b[96m|\u001b[0m \u001b[1m\u001b[92m/\u001b[0m     pub fn open_with_backends(\n \u001b[1m\u001b[96m65\u001b[0m \u001b[1m\u001b[96m|\u001b[0m \u001b[1m\u001b[92m|\u001b[0m         config: Config,\n \u001b[1m\u001b[96m66\u001b[0m \u001b[1m\u001b[96m|\u001b[0m \u001b[1m\u001b[92m|\u001b[0m         wal_backend: Box<dyn StorageBackend>,\n \u001b[1m\u001b[96m67\u001b[0m \u001b[1m\u001b[96m|\u001b[0m \u001b[1m\u001b[92m|\u001b[0m         segment_backend: Box<dyn StorageBackend>,\n \u001b[1m\u001b[96m68\u001b[0m \u001b[1m\u001b[96m|\u001b[0m \u001b[1m\u001b[92m|\u001b[0m     ) -> CoreResult<Self> {\n    \u001b[1m\u001b[96m|\u001b[0m \u001b[1m\u001b[92m|_________________________^\u001b[0m\n\u001b[1m\u001b[96m...\u001b[0m\n\u001b[1m\u001b[96m100\u001b[0m \u001b[1m\u001b[96m|\u001b[0m       pub fn open_in_memory() -> CoreResult<Self> {\n    \u001b[1m\u001b[96m|\u001b[0m       \u001b[1m\u001b[92m^^^^^^^^^^^^^^^^^^^^^^^^^^^^^^^^^^^^^^^^^^^\u001b[0m\n\u001b[1m\u001b[96mhelp\u001b[0m: there is an associated function `open_with_backends` with a similar name\n   \u001b[1m\u001b[96m--> \u001b[0mD:\\rust\\entidb\\crates\\entidb_core\\src\\database.rs:64:5\n    \u001b[1m\u001b[96m|\u001b[0m\n \u001b[1m\u001b[96m64\u001b[0m \u001b[1m\u001b[96m|\u001b[0m \u001b[1m\u001b[96m/\u001b[0m     pub fn open_with_backends(\n \u001b[1m\u001b[96m65\u001b[0m \u001b[1m\u001b[96m|\u001b[0m \u001b[1m\u001b[96m|\u001b[0m         config: Config,\n \u001b[1m\u001b[96m66\u001b[0m \u001b[1m\u001b[96m|\u001b[0m \u001b[1m\u001b[96m|\u001b[0m         wal_backend: Box<dyn StorageBack\u001b[1m\u001b[96m...\u001b[0m\n \u001b[1m\u001b[96m67\u001b[0m \u001b[1m\u001b[96m|\u001b[0m \u001b[1m\u001b[96m|\u001b[0m         segment_backend: Box<dyn Storage\u001b[1m\u001b[96m...\u001b[0m\n \u001b[1m\u001b[96m68\u001b[0m \u001b[1m\u001b[96m|\u001b[0m \u001b[1m\u001b[96m|\u001b[0m     ) -> CoreResult<Self> {\n    \u001b[1m\u001b[96m|\u001b[0m \u001b[1m\u001b[96m|_________________________^\u001b[0m\n\n"}
{"$message_type":"diagnostic","message":"type annotations needed","code":{"code":"E0282","explanation":"The compiler could not infer a type and asked for a type annotation.\n\nErroneous code example:\n\n```compile_fail,E0282\nlet x = Vec::new();\n```\n\nThis error indicates that type inference did not result in one unique possible\ntype, and extra information is required. In most cases this can be provided\nby adding a type annotation. Sometimes you need to specify a generic type\nparameter manually.\n\nIn the example above, type `Vec` has a type parameter `T`. When calling\n`Vec::new`, barring any other later usage of the variable `x` that allows the\ncompiler to infer what type `T` is, the compiler needs to be told what it is.\n\nThe type can be specified on the variable:\n\n```\nlet x: Vec<i32> = Vec::new();\n```\n\nThe type can also be specified in the path of the expression:\n\n```\nlet x = Vec::<i32>::new();\n```\n\nIn cases with more complex types, it is not necessary to annotate the full\ntype. Once the ambiguity is resolved, the compiler can infer the rest:\n\n```\nlet x: Vec<_> = \"hello\".chars().rev().collect();\n```\n\nAnother way to provide the compiler with enough information, is to specify the\ngeneric type parameter:\n\n```\nlet x = \"hello\".chars().rev().collect::<Vec<char>>();\n```\n\nAgain, you need not specify the full type if the compiler can infer it:\n\n```\nlet x = \"hello\".chars().rev().collect::<Vec<_>>();\n```\n\nApart from a method or function with a generic type parameter, this error can\noccur when a type parameter of a struct or trait cannot be inferred. In that\ncase it is not always possible to use a type annotation, because all candidates\nhave the same return type. For instance:\n\n```compile_fail,E0282\nstruct Foo<T> {\n    num: T,\n}\n\nimpl<T> Foo<T> {\n    fn bar() -> i32 {\n        0\n    }\n\n    fn baz() {\n        let number = Foo::bar();\n    }\n}\n```\n\nThis will fail because the compiler does not know which instance of `Foo` to\ncall `bar` on. Change `Foo::bar()` to `Foo::<T>::bar()` to resolve the error.\n"},"level":"error","spans":[{"file_name":"src\\database.rs","byte_start":4232,"byte_end":4236,"line_start":120,"line_end":120,"column_start":56,"column_end":60,"is_primary":true,"text":[{"text":"            Ok(Some(data)) => Ok(Some(Uint8Array::from(data.as_slice()))),","highlight_start":56,"highlight_end":60}],"label":"cannot infer type","suggested_replacement":null,"suggestion_applicability":null,"expansion":null}],"children":[],"rendered":"\u001b[1m\u001b[91merror[E0282]\u001b[0m\u001b[1m\u001b[97m: type annotations needed\u001b[0m\n   \u001b[1m\u001b[96m--> \u001b[0msrc\\database.rs:120:56\n    \u001b[1m\u001b[96m|\u001b[0m\n\u001b[1m\u001b[96m120\u001b[0m \u001b[1m\u001b[96m|\u001b[0m \u001b[1m\u001b[96m...\u001b[0my::from(data.as_slice()))),\n    \u001b[1m\u001b[96m|\u001b[0m            \u001b[1m\u001b[91m^^^^\u001b[0m \u001b[1m\u001b[91mcannot infer type\u001b[0m\n\n"}
{"$message_type":"diagnostic","message":"type annotations needed","code":{"code":"E0282","explanation":"The compiler could not infer a type and asked for a type annotation.\n\nErroneous code example:\n\n```compile_fail,E0282\nlet x = Vec::new();\n```\n\nThis error indicates that type inference did not result in one unique possible\ntype, and extra information is required. In most cases this can be provided\nby adding a type annotation. Sometimes you need to specify a generic type\nparameter manually.\n\nIn the example above, type `Vec` has a type parameter `T`. When calling\n`Vec::new`, barring any other later usage of the variable `x` that allows the\ncompiler to infer what type `T` is, the compiler needs to be told what it is.\n\nThe type can be specified on the variable:\n\n```\nlet x: Vec<i32> = Vec::new();\n```\n\nThe type can also be specified in the path of the expression:\n\n```\nlet x = Vec::<i32>::new();\n```\n\nIn cases with more complex types, it is not necessary to annotate the full\ntype. Once the ambiguity is resolved, the compiler can infer the rest:\n\n```\nlet x: Vec<_> = \"hello\".chars().rev().collect();\n```\n\nAnother way to provide the compiler with enough information, is to specify the\ngeneric type parameter:\n\n```\nlet x = \"hello\".chars().rev().collect::<Vec<char>>();\n```\n\nAgain, you need not specify the full type if the compiler can infer it:\n\n```\nlet x = \"hello\".chars().rev().collect::<Vec<_>>();\n```\n\nApart from a method or function with a generic type parameter, this error can\noccur when a type parameter of a struct or trait cannot be inferred. In that\ncase it is not always possible to use a type annotation, because all candidates\nhave the same return type. For instance:\n\n```compile_fail,E0282\nstruct Foo<T> {\n    num: T,\n}\n\nimpl<T> Foo<T> {\n    fn bar() -> i32 {\n        0\n    }\n\n    fn baz() {\n        let number = Foo::bar();\n    }\n}\n```\n\nThis will fail because the compiler does not know which instance of `Foo` to\ncall `bar` on. Change `Foo::bar()` to `Foo::<T>::bar()` to resolve the error.\n"},"level":"error","spans":[{"file_name":"src\\database.rs","byte_start":5853,"byte_end":5857,"line_start":166,"line_end":166,"column_start":41,"column_end":45,"is_primary":true,"text":[{"text":"            pair.push(&Uint8Array::from(data.as_slice()).into());","highlight_start":41,"highlight_end":45}],"label":"cannot infer type","suggested_replacement":null,"suggestion_applicability":null,"expansion":null}],"children":[],"rendered":"\u001b[1m\u001b[91merror[E0282]\u001b[0m\u001b[1m\u001b[97m: type annotations needed\u001b[0m\n   \u001b[1m\u001b[96m--> \u001b[0msrc\\database.rs:166:41\n    \u001b[1m\u001b[96m|\u001b[0m\n\u001b[1m\u001b[96m166\u001b[0m \u001b[1m\u001b[96m|\u001b[0m \u001b[1m\u001b[96m...\u001b[0my::from(data.as_slice()).into());\n    \u001b[1m\u001b[96m|\u001b[0m            \u001b[1m\u001b[91m^^^^\u001b[0m \u001b[1m\u001b[91mcannot infer type\u001b[0m\n\n"}
{"$message_type":"diagnostic","message":"unused variable: `block_start`","code":{"code":"unused_variables","explanation":null},"level":"warning","spans":[{"file_name":"src\\backend\\indexeddb.rs","byte_start":12098,"byte_end":12109,"line_start":313,"line_end":313,"column_start":17,"column_end":28,"is_primary":true,"text":[{"text":"            let block_start = (block_idx * BLOCK_SIZE as u64) as usize;","highlight_start":17,"highlight_end":28}],"label":null,"suggested_replacement":null,"suggestion_applicability":null,"expansion":null}],"children":[{"message":"`#[warn(unused_variables)]` (part of `#[warn(unused)]`) on by default","code":null,"level":"note","spans":[],"children":[],"rendered":null},{"message":"if this is intentional, prefix it with an underscore","code":null,"level":"help","spans":[{"file_name":"src\\backend\\indexeddb.rs","byte_start":12098,"byte_end":12109,"line_start":313,"line_end":313,"column_start":17,"column_end":28,"is_primary":true,"text":[{"text":"            let block_start = (block_idx * BLOCK_SIZE as u64) as usize;","highlight_start":17,"highlight_end":28}],"label":null,"suggested_replacement":"_block_start","suggestion_applicability":"MachineApplicable","expansion":null}],"children":[],"rendered":null}],"rendered":"\u001b[1m\u001b[93mwarning\u001b[0m\u001b[1m\u001b[97m: unused variable: `block_start`\u001b[0m\n   \u001b[1m\u001b[96m--> \u001b[0msrc\\backend\\indexeddb.rs:313:17\n    \u001b[1m\u001b[96m|\u001b[0m\n\u001b[1m\u001b[96m313\u001b[0m \u001b[1m\u001b[96m|\u001b[0m \u001b[1m\u001b[96m...\u001b[0m       let block_start = (block_idx * B\u001b[1m\u001b[96m...\u001b[0m\n    \u001b[1m\u001b[96m|\u001b[0m               \u001b[1m\u001b[93m^^^^^^^^^^^\u001b[0m \u001b[1m\u001b[93mhelp: if this is intentional, prefix it with an underscore: `_block_start`\u001b[0m\n    \u001b[1m\u001b[96m|\u001b[0m\n    \u001b[1m\u001b[96m= \u001b[0m\u001b[1m\u001b[97mnote\u001b[0m: `#[warn(unused_variables)]` (part of `#[warn(unused)]`) on by default\n\n"}
{"$message_type":"diagnostic","message":"aborting due to 23 previous errors; 11 warnings emitted","code":null,"level":"error","spans":[],"children":[],"rendered":"\u001b[1m\u001b[91merror\u001b[0m\u001b[1m\u001b[97m: aborting due to 23 previous errors; 11 warnings emitted\u001b[0m\n\n"}
{"$message_type":"diagnostic","message":"Some errors have detailed explanations: E0107, E0282, E0412, E0432, E0599.","code":null,"level":"failure-note","spans":[],"children":[],"rendered":"\u001b[1m\u001b[97mSome errors have detailed explanations: E0107, E0282, E0412, E0432, E0599.\u001b[0m\n"}
{"$message_type":"diagnostic","message":"For more information about an error, try `rustc --explain E0107`.","code":null,"level":"failure-note","spans":[],"children":[],"rendered":"\u001b[1m\u001b[97mFor more information about an error, try `rustc --explain E0107`.\u001b[0m\n"}
